{
  "stats": {
    "suites": 5,
    "tests": 34,
    "passes": 34,
    "pending": 0,
    "failures": 0,
    "testsRegistered": 34,
    "passPercent": 100,
    "pendingPercent": 0,
    "other": 0,
    "hasOther": false,
    "skipped": 0,
    "hasSkipped": false,
    "start": "2023-03-16T22:19:26.970Z",
    "end": "2023-03-16T22:19:56.649Z",
    "duration": 29679
  },
  "results": [
    {
      "uuid": "2ba59464-a907-4b1c-b611-8e7f8440eb6a",
      "title": "",
      "fullFile": "cypress/e2e/smokeTest/cartpageTest/cartpageTest.spec.js",
      "file": "cypress/e2e/smokeTest/cartpageTest/cartpageTest.spec.js",
      "beforeHooks": [],
      "afterHooks": [],
      "tests": [],
      "suites": [
        {
          "uuid": "0c29984e-e1e0-4b8c-bfbd-a50c76bcf85a",
          "title": "Verify 'Cart' page functionalities",
          "fullFile": "",
          "file": "",
          "beforeHooks": [],
          "afterHooks": [],
          "tests": [
            {
              "title": "Verify user able to add product in the cart",
              "fullTitle": "Verify 'Cart' page functionalities Verify user able to add product in the cart",
              "timedOut": null,
              "duration": 54,
              "state": "passed",
              "speed": "fast",
              "pass": true,
              "fail": false,
              "pending": false,
              "context": null,
              "code": "// 1. Go to Tamice.com\n// 2. Hove over 'Package Tour' from the navigation bar\n// 3. Click 'NY Big Apple Pass'\n// 4. Add products\n// 5. Go to 'Cart' page\n// 6. Verify product is in the 'Cart' page",
              "err": {},
              "uuid": "8a41bcca-bab7-4d26-aa11-7e2260339843",
              "parentUUID": "0c29984e-e1e0-4b8c-bfbd-a50c76bcf85a",
              "isHook": false,
              "skipped": false
            },
            {
              "title": "User able to subtract product quantity from the '티켓구입' field",
              "fullTitle": "Verify 'Cart' page functionalities User able to subtract product quantity from the '티켓구입' field",
              "timedOut": null,
              "duration": 1486,
              "state": "passed",
              "speed": "fast",
              "pass": true,
              "fail": false,
              "pending": false,
              "context": null,
              "code": "//1. Go to Tamice.com\ncy.visit(Cypress.env(\"url\"));\n//2. Hove over \"Package Tour\" from the navigation bar\ncy.contains(\"Package Tour\").invoke(\"show\").should(\"be.visible\");\n//3. Get first li 'NY Big Apple Pass' from the hidden box\ncy.get(\"li\").first().should(\"have.text\", \"NY Big Apple Pass\").click({\n  force: true\n});\n//4. Go to \"티켓구입\" box and click \"+\" button two times\nfor (let n = 1; n < 3; n++) {\n  cy.xpath(\"/html[1]/body[1]/div[1]/div[1]/div[3]/div[1]/div[3]/div[1]/div[1]/div[2]/div[1]/div[3]/div[5]/div[2]/img[2]\").click();\n}\n//5. Check quantity equals to 3\ncy.xpath(\"/html[1]/body[1]/div[1]/div[1]/div[3]/div[1]/div[3]/div[1]/div[1]/div[2]/div[1]/div[3]/div[5]/div[2]\").should(\"have.text\", \"3\");\n//6. Click \"2\" button until 1\ncy.xpath(\"/html[1]/body[1]/div[1]/div[1]/div[3]/div[1]/div[3]/div[1]/div[1]/div[2]/div[1]/div[3]/div[5]/div[2]/img[1]\").click();\ncy.xpath(\"/html[1]/body[1]/div[1]/div[1]/div[3]/div[1]/div[3]/div[1]/div[1]/div[2]/div[1]/div[3]/div[5]/div[2]/img[1]\").click();\n//7. Check quantity equals to 1\ncy.xpath(\"/html[1]/body[1]/div[1]/div[1]/div[3]/div[1]/div[3]/div[1]/div[1]/div[2]/div[1]/div[3]/div[5]/div[2]\").should(\"have.text\", \"1\");",
              "err": {},
              "uuid": "dab1f470-612a-4a27-bba7-457edd2a2ab0",
              "parentUUID": "0c29984e-e1e0-4b8c-bfbd-a50c76bcf85a",
              "isHook": false,
              "skipped": false
            },
            {
              "title": "User able to add product quantity from the '티켓구입' field",
              "fullTitle": "Verify 'Cart' page functionalities User able to add product quantity from the '티켓구입' field",
              "timedOut": null,
              "duration": 1065,
              "state": "passed",
              "speed": "fast",
              "pass": true,
              "fail": false,
              "pending": false,
              "context": null,
              "code": "// 1. Go to Tamice.com\ncy.visit(Cypress.env(\"url\"));\n// 2. Hove over 'Package Tour' from the navigation bar\ncy.contains(\"Package Tour\").invoke(\"show\").should(\"be.visible\");\n// 3. Get first li 'NY Big Apple Pass' from the hidden box\ncy.get(\"li\").first().should(\"have.text\", \"NY Big Apple Pass\").click({\n  force: true\n});\n// 4. Click '+' button until 4\nfor (let n = 1; n < 4; n++) {\n  cy.xpath(\"/html[1]/body[1]/div[1]/div[1]/div[3]/div[1]/div[3]/div[1]/div[1]/div[2]/div[1]/div[3]/div[5]/div[2]/img[2]\").click();\n}\n// 5. Check quantity equals to 4\ncy.xpath(\"/html[1]/body[1]/div[1]/div[1]/div[3]/div[1]/div[3]/div[1]/div[1]/div[2]/div[1]/div[3]/div[5]/div[2]\").should(\"have.text\", \"4\");",
              "err": {},
              "uuid": "187259c6-b3d9-4baf-bf73-0fb0e89a75ff",
              "parentUUID": "0c29984e-e1e0-4b8c-bfbd-a50c76bcf85a",
              "isHook": false,
              "skipped": false
            },
            {
              "title": "Verify user able to see product detail after clicking tour list",
              "fullTitle": "Verify 'Cart' page functionalities Verify user able to see product detail after clicking tour list",
              "timedOut": null,
              "duration": 43,
              "state": "passed",
              "speed": "fast",
              "pass": true,
              "fail": false,
              "pending": false,
              "context": null,
              "code": "// 1. Go to Tamice.com\n// 2. Hove over 'Package Tour' from the navigation bar\n// 3. Click 'NY Big Apple Pass'\n// 4. Add products\n// 5. Go to 'Cart' page\n// 6. Click tour list\n// 7. Verify user able to see product detail",
              "err": {},
              "uuid": "2fdd7231-b5ec-4fa7-98e6-85820db749b5",
              "parentUUID": "0c29984e-e1e0-4b8c-bfbd-a50c76bcf85a",
              "isHook": false,
              "skipped": false
            },
            {
              "title": "Verify user able to continue checkout",
              "fullTitle": "Verify 'Cart' page functionalities Verify user able to continue checkout",
              "timedOut": null,
              "duration": 36,
              "state": "passed",
              "speed": "fast",
              "pass": true,
              "fail": false,
              "pending": false,
              "context": null,
              "code": "// 1. Go to Tamice.com\n// 2. Hove over 'Package Tour' from the navigation bar\n// 3. Click 'NY Big Apple Pass'\n// 4. Add products\n// 5. Go to 'Cart' page\n// 6. Click Proceed Checkout",
              "err": {},
              "uuid": "a00aba4b-62c5-4dd4-b5fe-ccd84c41e440",
              "parentUUID": "0c29984e-e1e0-4b8c-bfbd-a50c76bcf85a",
              "isHook": false,
              "skipped": false
            },
            {
              "title": "Verify user able to checkout as guest",
              "fullTitle": "Verify 'Cart' page functionalities Verify user able to checkout as guest",
              "timedOut": null,
              "duration": 51,
              "state": "passed",
              "speed": "fast",
              "pass": true,
              "fail": false,
              "pending": false,
              "context": null,
              "code": "// 1. Go to Tamice.com\n// 2. Hove over 'Package Tour' from the navigation bar\n// 3. Click 'NY Big Apple Pass'\n// 4. Add products\n// 5. Go to Cart Page\n// 6. Click 'Proceed Checkout' button\n// 7. Click 'Guest Checkout' button\n// 8. Click 'Proceed Checkout' button",
              "err": {},
              "uuid": "d5e55947-5834-4eff-b439-be7ea7556f8b",
              "parentUUID": "0c29984e-e1e0-4b8c-bfbd-a50c76bcf85a",
              "isHook": false,
              "skipped": false
            },
            {
              "title": "Verify user able to checkout with valid credit/debit card",
              "fullTitle": "Verify 'Cart' page functionalities Verify user able to checkout with valid credit/debit card",
              "timedOut": null,
              "duration": 40,
              "state": "passed",
              "speed": "fast",
              "pass": true,
              "fail": false,
              "pending": false,
              "context": null,
              "code": "// 1. Go to Tamice.com\n// 2. Hove over 'Package Tour' from the navigation bar\n// 3. Click 'NY Big Apple Pass'\n// 4. Add products\n// 5. Go to 'Cart' page\n// 6. Click Proceed Checkout\n// 7. Click 'Login/Sign Up' button\n// 8. Type valid debit/credit card information\n// 9. Click 'Proceed Checkout' button\n// 10. Verify user able to checkout with valid credit/debit card",
              "err": {},
              "uuid": "751101a0-135e-4094-896b-54c2a8e009b9",
              "parentUUID": "0c29984e-e1e0-4b8c-bfbd-a50c76bcf85a",
              "isHook": false,
              "skipped": false
            }
          ],
          "suites": [],
          "passes": [
            "8a41bcca-bab7-4d26-aa11-7e2260339843",
            "dab1f470-612a-4a27-bba7-457edd2a2ab0",
            "187259c6-b3d9-4baf-bf73-0fb0e89a75ff",
            "2fdd7231-b5ec-4fa7-98e6-85820db749b5",
            "a00aba4b-62c5-4dd4-b5fe-ccd84c41e440",
            "d5e55947-5834-4eff-b439-be7ea7556f8b",
            "751101a0-135e-4094-896b-54c2a8e009b9"
          ],
          "failures": [],
          "pending": [],
          "skipped": [],
          "duration": 2775,
          "root": false,
          "rootEmpty": false,
          "_timeout": 2000
        }
      ],
      "passes": [],
      "failures": [],
      "pending": [],
      "skipped": [],
      "duration": 0,
      "root": true,
      "rootEmpty": true,
      "_timeout": 2000
    },
    {
      "uuid": "e37ce8cb-48c6-485a-a8dd-f1e787eb5cfe",
      "title": "",
      "fullFile": "cypress/e2e/smokeTest/landingpageTest/landingpageTest.spec.js",
      "file": "cypress/e2e/smokeTest/landingpageTest/landingpageTest.spec.js",
      "beforeHooks": [],
      "afterHooks": [],
      "tests": [],
      "suites": [
        {
          "uuid": "fe72efd5-d456-41af-92c6-1154d1d084bf",
          "title": "Verify 'Landing' page functionalities",
          "fullFile": "",
          "file": "",
          "beforeHooks": [],
          "afterHooks": [],
          "tests": [
            {
              "title": "Verify 'Home' button on landing page redirected to 'Home' page",
              "fullTitle": "Verify 'Landing' page functionalities Verify 'Home' button on landing page redirected to 'Home' page",
              "timedOut": null,
              "duration": 671,
              "state": "passed",
              "speed": "fast",
              "pass": true,
              "fail": false,
              "pending": false,
              "context": null,
              "code": "//1. Go to Tamice.com\ncy.visit(Cypress.env(\"url\"));\n//2. Click Home button from the navigation bar\ncy.contains(\"Home\").click({\n  force: true\n}).should(\"have.text\", \"Home\");\n//3. Verify Home button on landing page redirect to Home page\ncy.xpath(\"/html[1]/body[1]/div[1]/div[1]/div[3]/div[1]/span[2]\").should(\"have.text\", \"Must See in New York\");",
              "err": {},
              "uuid": "c036e468-8ac1-44cb-b1ee-7547172d2bd7",
              "parentUUID": "fe72efd5-d456-41af-92c6-1154d1d084bf",
              "isHook": false,
              "skipped": false
            },
            {
              "title": "Verify 'NY Big Apple Pass' button on landing page redirected to 'NY Big Apple Pass' page",
              "fullTitle": "Verify 'Landing' page functionalities Verify 'NY Big Apple Pass' button on landing page redirected to 'NY Big Apple Pass' page",
              "timedOut": null,
              "duration": 306,
              "state": "passed",
              "speed": "fast",
              "pass": true,
              "fail": false,
              "pending": false,
              "context": null,
              "code": "//1. Go to Tamice.com\ncy.visit(Cypress.env(\"url\"));\n//2. Hover over \"Package Tour\" button\ncy.contains(\"Package Tour\").invoke(\"show\");\n// get first li from the hidden box\ncy.get(\"li\").contains(\"NY Big Apple Pass\").click({\n  force: true\n});\n//4. Verify NY Big Apple Pass button on landing page redirect to NY Big Apple Pass page\ncy.xpath(\"/html[1]/body[1]/div[1]/div[1]/div[3]/div[1]/div[3]/div[1]/span[1]\").should(\"have.text\", \"Big Apple Pass\");",
              "err": {},
              "uuid": "05d4ae03-b25b-4af2-8680-b81b557aa5b4",
              "parentUUID": "fe72efd5-d456-41af-92c6-1154d1d084bf",
              "isHook": false,
              "skipped": false
            },
            {
              "title": "Verify 'Observation' button on landing page redirected to 'Observation' page",
              "fullTitle": "Verify 'Landing' page functionalities Verify 'Observation' button on landing page redirected to 'Observation' page",
              "timedOut": null,
              "duration": 270,
              "state": "passed",
              "speed": "fast",
              "pass": true,
              "fail": false,
              "pending": false,
              "context": null,
              "code": "//1. Go to Tamice.com\ncy.visit(Cypress.env(\"url\"));\n//2. Hover over \"City Attractions\" button\ncy.contains(\"City Attractions\").invoke(\"show\");\n//3. Click \"Observations\" button\ncy.get(\"li\").contains(\"Observation(Scenics)\").click({\n  force: true\n});\n//4. Verify Observations button on landing page redirect to NY Big Apple Pass page\ncy.xpath(\"/html[1]/body[1]/div[1]/div[1]/div[3]/div[1]/div[3]/div[1]/span[1]\").should(\"have.text\", \"Scenics\");",
              "err": {},
              "uuid": "f01cc148-3830-47fa-8033-c9a7d96ed125",
              "parentUUID": "fe72efd5-d456-41af-92c6-1154d1d084bf",
              "isHook": false,
              "skipped": false
            },
            {
              "title": "verify 'Musicals & Shows' button on landing page redirected to 'Musicals & Shows' page",
              "fullTitle": "Verify 'Landing' page functionalities verify 'Musicals & Shows' button on landing page redirected to 'Musicals & Shows' page",
              "timedOut": null,
              "duration": 257,
              "state": "passed",
              "speed": "fast",
              "pass": true,
              "fail": false,
              "pending": false,
              "context": null,
              "code": "//1. Go to Tamice.com\ncy.visit(Cypress.env(\"url\"));\n//2. Click \"Musicals & Shows\"\ncy.contains(\"Musicals & Shows\").click({\n  force: true\n});\n//3. Verify Observations button on landing page redirect to NY Big Apple Pass page\ncy.xpath(\"/html[1]/body[1]/div[1]/div[1]/div[3]/div[1]/div[3]/div[1]/span[1]\").should(\"have.text\", \"Broadway Musicals / Shows\");",
              "err": {},
              "uuid": "d02f64c6-91af-4fda-9c51-ae7c71ace4c2",
              "parentUUID": "fe72efd5-d456-41af-92c6-1154d1d084bf",
              "isHook": false,
              "skipped": false
            },
            {
              "title": "Verify '여행정보' button on landing page redirected to '여행정보' page",
              "fullTitle": "Verify 'Landing' page functionalities Verify '여행정보' button on landing page redirected to '여행정보' page",
              "timedOut": null,
              "duration": 74,
              "state": "passed",
              "speed": "fast",
              "pass": true,
              "fail": false,
              "pending": false,
              "context": null,
              "code": "// 1. Go to Tamice.com\n// 2. Click '여행정보' button",
              "err": {},
              "uuid": "27f86775-d4e9-4f69-b6a5-596c2c3be86a",
              "parentUUID": "fe72efd5-d456-41af-92c6-1154d1d084bf",
              "isHook": false,
              "skipped": false
            },
            {
              "title": "Verify 'About Us' button on landing page redirected to 'About Us' page",
              "fullTitle": "Verify 'Landing' page functionalities Verify 'About Us' button on landing page redirected to 'About Us' page",
              "timedOut": null,
              "duration": 475,
              "state": "passed",
              "speed": "fast",
              "pass": true,
              "fail": false,
              "pending": false,
              "context": null,
              "code": "//1. Go to Tamice.com\ncy.visit(Cypress.env(\"url\"));\n//2. Click \"About Us\"\ncy.contains(\"About Us\").click();\n//3. Verify Observations button on landing page redirect to NY Big Apple Pass page\ncy.xpath(\"/html[1]/body[1]/div[1]/div[1]/div[3]/div[1]/div[2]/span[1]\").should(\"have.text\", \"Why Tour With Us?\");",
              "err": {},
              "uuid": "f849ad59-8d90-460a-81bf-30db4ca0b7f1",
              "parentUUID": "fe72efd5-d456-41af-92c6-1154d1d084bf",
              "isHook": false,
              "skipped": false
            },
            {
              "title": "Verify 'Guide Tour' button on landing page redirected to 'Guide Tour' page",
              "fullTitle": "Verify 'Landing' page functionalities Verify 'Guide Tour' button on landing page redirected to 'Guide Tour' page",
              "timedOut": null,
              "duration": 394,
              "state": "passed",
              "speed": "fast",
              "pass": true,
              "fail": false,
              "pending": false,
              "context": null,
              "code": "//1. Go to Tamice.com\ncy.visit(Cypress.env(\"url\"));\n//2. Hover over \"Guid Tour\"\ncy.xpath(\"/html[1]/body[1]/div[1]/div[1]/div[1]/div[2]/div[2]/button[4]\").contains(\"Manhattan Day Tour\").click({\n  force: true\n});\n//3. Click \"Manhattan Day Tour\" button\n//4. Verify Observations button on landing page redirect to NY Big Apple Pass page\ncy.xpath(\"/html[1]/body[1]/div[1]/div[1]/div[3]/div[1]/div[3]/div[1]/span[1]\").should(\"have.text\", \"Manhattan day\");",
              "err": {},
              "uuid": "5e1d1753-6f99-46da-b79b-ef19c25be639",
              "parentUUID": "fe72efd5-d456-41af-92c6-1154d1d084bf",
              "isHook": false,
              "skipped": false
            },
            {
              "title": "Verify 'Cart' button on landing page redirected to 'Cart' page",
              "fullTitle": "Verify 'Landing' page functionalities Verify 'Cart' button on landing page redirected to 'Cart' page",
              "timedOut": null,
              "duration": 776,
              "state": "passed",
              "speed": "fast",
              "pass": true,
              "fail": false,
              "pending": false,
              "context": null,
              "code": "//1. Go to Tamice.com\ncy.visit(Cypress.env(\"url\"));\n//2. Click 'Cart' button\ncy.contains(\"Cart\").click();\n//3. Verify user redirected to 'Cart'page",
              "err": {},
              "uuid": "f409e91b-79d6-46fd-b956-bc3acfae89e4",
              "parentUUID": "fe72efd5-d456-41af-92c6-1154d1d084bf",
              "isHook": false,
              "skipped": false
            },
            {
              "title": "Verify 'Login' button on landing page redirected to 'Login' page",
              "fullTitle": "Verify 'Landing' page functionalities Verify 'Login' button on landing page redirected to 'Login' page",
              "timedOut": null,
              "duration": 639,
              "state": "passed",
              "speed": "fast",
              "pass": true,
              "fail": false,
              "pending": false,
              "context": null,
              "code": "//1. Go to Tamice.com\ncy.visit(Cypress.env(\"url\"));\n//2. Click 'Login' button\ncy.contains(\"Login\").click();\n//3. Verify user redirected to 'Login'page\ncy.url().should(\"include\", \"user/log-in\");",
              "err": {},
              "uuid": "e8c44370-5bd4-47c1-a478-da3b7e5e8be5",
              "parentUUID": "fe72efd5-d456-41af-92c6-1154d1d084bf",
              "isHook": false,
              "skipped": false
            },
            {
              "title": "Verify 'Sign Up' button on landing page redirected to 'Sign Up' page",
              "fullTitle": "Verify 'Landing' page functionalities Verify 'Sign Up' button on landing page redirected to 'Sign Up' page",
              "timedOut": null,
              "duration": 671,
              "state": "passed",
              "speed": "fast",
              "pass": true,
              "fail": false,
              "pending": false,
              "context": null,
              "code": "//1. Go to Tamice.com\ncy.visit(Cypress.env(\"url\"));\n//2. Click 'Sign up' button\ncy.contains(\"Sign Up\").click();\n//3. Verify user redirected to 'Sign up'page\ncy.url().should(\"include\", \"user/sign-up\");",
              "err": {},
              "uuid": "eaa1ac19-9a21-411e-9648-09fd9cebfebd",
              "parentUUID": "fe72efd5-d456-41af-92c6-1154d1d084bf",
              "isHook": false,
              "skipped": false
            },
            {
              "title": "Verify 'Logo' button on landing page redirected to 'Logo' page",
              "fullTitle": "Verify 'Landing' page functionalities Verify 'Logo' button on landing page redirected to 'Logo' page",
              "timedOut": null,
              "duration": 467,
              "state": "passed",
              "speed": "fast",
              "pass": true,
              "fail": false,
              "pending": false,
              "context": null,
              "code": "//1. Go to Tamice.com\ncy.visit(Cypress.env(\"url\"));\n//2. Click Tamice.com logo button\ncy.get(\"img[alt='Tamice logo']\").first().click();\n//3. Verify user redirected to 'Sign up'page\ncy.url().should(\"eq\", \"https://thernlovendev.github.io/ticket-site/#/\");",
              "err": {},
              "uuid": "58bb7233-058c-4cd6-ad32-0458557b5a39",
              "parentUUID": "fe72efd5-d456-41af-92c6-1154d1d084bf",
              "isHook": false,
              "skipped": false
            },
            {
              "title": "Verify 'Contact Us' button on navigation page redirected to 'Contact Us' page",
              "fullTitle": "Verify 'Landing' page functionalities Verify 'Contact Us' button on navigation page redirected to 'Contact Us' page",
              "timedOut": null,
              "duration": 424,
              "state": "passed",
              "speed": "fast",
              "pass": true,
              "fail": false,
              "pending": false,
              "context": null,
              "code": "//1. Go to Tamice.com\ncy.visit(Cypress.env(\"url\"));\n//2. Click \"Contact Us\"\ncy.contains(\"Contact Us\").click();\n//3. Verify Observations button on landing page redirect to NY Big Apple Pass page\ncy.xpath(\"//html[1]/body[1]/div[1]/div[1]/div[3]/div[1]/div[2]/span[1]\").should(\"have.text\", \"Contact Us\");\ncy.url().should(\"include\", \"/contact\");",
              "err": {},
              "uuid": "70b42dd3-c3cf-48b6-b814-80f2872281e2",
              "parentUUID": "fe72efd5-d456-41af-92c6-1154d1d084bf",
              "isHook": false,
              "skipped": false
            },
            {
              "title": "Verify user able to land 'My Bookings' page after click 'My booking' button under 'My Account' list",
              "fullTitle": "Verify 'Landing' page functionalities Verify user able to land 'My Bookings' page after click 'My booking' button under 'My Account' list",
              "timedOut": null,
              "duration": 66,
              "state": "passed",
              "speed": "fast",
              "pass": true,
              "fail": false,
              "pending": false,
              "context": null,
              "code": "// 1. Go to Tamice.com\n// 2. Click human icon\n// 3. Click 'My booking' button under 'My Account' list\n// 4. Verify user able to land 'My Bookings' page after click 'My Booking' button under 'My Account' lists",
              "err": {},
              "uuid": "990c4639-8865-4bb6-9072-6220a6d0e4a8",
              "parentUUID": "fe72efd5-d456-41af-92c6-1154d1d084bf",
              "isHook": false,
              "skipped": false
            },
            {
              "title": "Verify user able to land 'My Account' page after click 'My Account' button",
              "fullTitle": "Verify 'Landing' page functionalities Verify user able to land 'My Account' page after click 'My Account' button",
              "timedOut": null,
              "duration": 84,
              "state": "passed",
              "speed": "fast",
              "pass": true,
              "fail": false,
              "pending": false,
              "context": null,
              "code": "// 1. Go to Tamice.com\n// 2. Click human icon\n// 3. Click 'My booking' button under 'My Account' list\n// 4. Verify user able to land 'My Account' page after click 'My Account' link",
              "err": {},
              "uuid": "cc75488a-ab36-4574-9d35-b9d2a2c27b37",
              "parentUUID": "fe72efd5-d456-41af-92c6-1154d1d084bf",
              "isHook": false,
              "skipped": false
            },
            {
              "title": "Verify sign out functionality",
              "fullTitle": "Verify 'Landing' page functionalities Verify sign out functionality",
              "timedOut": null,
              "duration": 47,
              "state": "passed",
              "speed": "fast",
              "pass": true,
              "fail": false,
              "pending": false,
              "context": null,
              "code": "// 1. Go to Tamice.com\n// 2. Click 'Login/Sign up' button\n// 3. Type valid credential\n// 4. Click 'Login' button\n// 5. Click human icon button\n// 6. Click 'Sign out' button s",
              "err": {},
              "uuid": "cc50c200-d727-46b5-898f-75188a79931e",
              "parentUUID": "fe72efd5-d456-41af-92c6-1154d1d084bf",
              "isHook": false,
              "skipped": false
            }
          ],
          "suites": [],
          "passes": [
            "c036e468-8ac1-44cb-b1ee-7547172d2bd7",
            "05d4ae03-b25b-4af2-8680-b81b557aa5b4",
            "f01cc148-3830-47fa-8033-c9a7d96ed125",
            "d02f64c6-91af-4fda-9c51-ae7c71ace4c2",
            "27f86775-d4e9-4f69-b6a5-596c2c3be86a",
            "f849ad59-8d90-460a-81bf-30db4ca0b7f1",
            "5e1d1753-6f99-46da-b79b-ef19c25be639",
            "f409e91b-79d6-46fd-b956-bc3acfae89e4",
            "e8c44370-5bd4-47c1-a478-da3b7e5e8be5",
            "eaa1ac19-9a21-411e-9648-09fd9cebfebd",
            "58bb7233-058c-4cd6-ad32-0458557b5a39",
            "70b42dd3-c3cf-48b6-b814-80f2872281e2",
            "990c4639-8865-4bb6-9072-6220a6d0e4a8",
            "cc75488a-ab36-4574-9d35-b9d2a2c27b37",
            "cc50c200-d727-46b5-898f-75188a79931e"
          ],
          "failures": [],
          "pending": [],
          "skipped": [],
          "duration": 5621,
          "root": false,
          "rootEmpty": false,
          "_timeout": 2000
        }
      ],
      "passes": [],
      "failures": [],
      "pending": [],
      "skipped": [],
      "duration": 0,
      "root": true,
      "rootEmpty": true,
      "_timeout": 2000
    },
    {
      "uuid": "cdf4f4e0-0b48-468c-a71d-1197a02d377d",
      "title": "",
      "fullFile": "cypress/e2e/smokeTest/loginpageTest/loginpageTest.spec.js",
      "file": "cypress/e2e/smokeTest/loginpageTest/loginpageTest.spec.js",
      "beforeHooks": [],
      "afterHooks": [],
      "tests": [],
      "suites": [
        {
          "uuid": "91ae4992-a4f1-4708-8f73-adae90448704",
          "title": "Verify 'Login' page functionalities",
          "fullFile": "",
          "file": "",
          "beforeHooks": [],
          "afterHooks": [],
          "tests": [
            {
              "title": "Verify forgot password functionality",
              "fullTitle": "Verify 'Login' page functionalities Verify forgot password functionality",
              "timedOut": null,
              "duration": 39,
              "state": "passed",
              "speed": "fast",
              "pass": true,
              "fail": false,
              "pending": false,
              "context": null,
              "code": "// 1. Go to Tamice.com\n// 2. Click 'Login/Sign Up' button\n// 3. Click 'Forgot Password' button\n// 4. Type valid 'User email'\n// 5. Click 'Reset Password' button\n// 7. Go to user email and verify user receive reset password link",
              "err": {},
              "uuid": "c261fb8d-4f16-4c04-9c02-e139b7d17ea1",
              "parentUUID": "91ae4992-a4f1-4708-8f73-adae90448704",
              "isHook": false,
              "skipped": false
            },
            {
              "title": "Verify login functionality",
              "fullTitle": "Verify 'Login' page functionalities Verify login functionality",
              "timedOut": null,
              "duration": 30,
              "state": "passed",
              "speed": "fast",
              "pass": true,
              "fail": false,
              "pending": false,
              "context": null,
              "code": "// 1. Go to Tamice.com\n// 2. Click 'Login/Sign Up' button\n// 3. Type valid credential\n// 4. Click 'Sign in' button",
              "err": {},
              "uuid": "17f2a8bc-8a68-4c02-a7f5-fd61f290ed05",
              "parentUUID": "91ae4992-a4f1-4708-8f73-adae90448704",
              "isHook": false,
              "skipped": false
            },
            {
              "title": "Verify Google login functionality",
              "fullTitle": "Verify 'Login' page functionalities Verify Google login functionality",
              "timedOut": null,
              "duration": 26,
              "state": "passed",
              "speed": "fast",
              "pass": true,
              "fail": false,
              "pending": false,
              "context": null,
              "code": "// 1. Go to Tamice.com\n// 2. Click 'Login/Sign Up' button\n// 3. Click 'Google Login' button\n// 4. Choose user id\n// 5. Verify user able to login with google account",
              "err": {},
              "uuid": "4df706f9-21f8-4a08-bbc3-5d7d57c07c15",
              "parentUUID": "91ae4992-a4f1-4708-8f73-adae90448704",
              "isHook": false,
              "skipped": false
            },
            {
              "title": "Verify Naver login functionality",
              "fullTitle": "Verify 'Login' page functionalities Verify Naver login functionality",
              "timedOut": null,
              "duration": 25,
              "state": "passed",
              "speed": "fast",
              "pass": true,
              "fail": false,
              "pending": false,
              "context": null,
              "code": "// 1. Go to Tamice.com\n// 2. Click 'Login/Sign Up' button\n// 3. Click 'Naver Login' button\n// 4. Choose user id\n// 5. Verify user able to login with naver account",
              "err": {},
              "uuid": "6f00358e-8202-404b-a3c7-6e979068207e",
              "parentUUID": "91ae4992-a4f1-4708-8f73-adae90448704",
              "isHook": false,
              "skipped": false
            },
            {
              "title": "Verify create 'Non-Member ticket look up' functionality",
              "fullTitle": "Verify 'Login' page functionalities Verify create 'Non-Member ticket look up' functionality",
              "timedOut": null,
              "duration": 31,
              "state": "passed",
              "speed": "fast",
              "pass": true,
              "fail": false,
              "pending": false,
              "context": null,
              "code": "// 1. Go to Tamice.com\n// 2. Click 'Login/Sign Up' button\n// 3. Click 'Non-Member ticket lookup' button\n// 4. Type valid 'User email'\n// 5. Type valid user 'Order number'\n// 5. Click 'Order Lookup' button\n// 7. Verify user able see orders in the 'My booking' page",
              "err": {},
              "uuid": "07008a18-43c8-4479-a206-67f9ed8b28ba",
              "parentUUID": "91ae4992-a4f1-4708-8f73-adae90448704",
              "isHook": false,
              "skipped": false
            }
          ],
          "suites": [],
          "passes": [
            "c261fb8d-4f16-4c04-9c02-e139b7d17ea1",
            "17f2a8bc-8a68-4c02-a7f5-fd61f290ed05",
            "4df706f9-21f8-4a08-bbc3-5d7d57c07c15",
            "6f00358e-8202-404b-a3c7-6e979068207e",
            "07008a18-43c8-4479-a206-67f9ed8b28ba"
          ],
          "failures": [],
          "pending": [],
          "skipped": [],
          "duration": 151,
          "root": false,
          "rootEmpty": false,
          "_timeout": 2000
        }
      ],
      "passes": [],
      "failures": [],
      "pending": [],
      "skipped": [],
      "duration": 0,
      "root": true,
      "rootEmpty": true,
      "_timeout": 2000
    },
    {
      "uuid": "e43a94d1-a564-46a9-a486-76b36c9a7aad",
      "title": "",
      "fullFile": "cypress/e2e/smokeTest/myaccountpageTest/myaccountpageTest.spec.js",
      "file": "cypress/e2e/smokeTest/myaccountpageTest/myaccountpageTest.spec.js",
      "beforeHooks": [],
      "afterHooks": [],
      "tests": [],
      "suites": [
        {
          "uuid": "15e7d3ff-f13d-4009-88f2-447404ec953c",
          "title": "Verify 'My Account' page functionalities",
          "fullFile": "",
          "file": "",
          "beforeHooks": [],
          "afterHooks": [],
          "tests": [
            {
              "title": "Verify user able to edit profile",
              "fullTitle": "Verify 'My Account' page functionalities Verify user able to edit profile",
              "timedOut": null,
              "duration": 41,
              "state": "passed",
              "speed": "fast",
              "pass": true,
              "fail": false,
              "pending": false,
              "context": null,
              "code": "// 1. Go to Tamice.com\n// 2. Click human icon\n// 3. Click 'My Account' button under 'My Account' list\n// 4. Click 'edit' button\n// 5. Verify user able to edit profile",
              "err": {},
              "uuid": "0b1015a7-3cec-4175-b654-ab6f9efd308e",
              "parentUUID": "15e7d3ff-f13d-4009-88f2-447404ec953c",
              "isHook": false,
              "skipped": false
            },
            {
              "title": "Verify user able to change phone number",
              "fullTitle": "Verify 'My Account' page functionalities Verify user able to change phone number",
              "timedOut": null,
              "duration": 39,
              "state": "passed",
              "speed": "fast",
              "pass": true,
              "fail": false,
              "pending": false,
              "context": null,
              "code": "// 1. Go to Tamice.com\n// 2. Click human icon\n// 3. Click 'My Account' button under 'My Account' list\n// 4. Click 'edit' button\n// 5. Type valid phone number\n// 6. Verify user able to change phone number",
              "err": {},
              "uuid": "e8de76c8-7400-480b-8daa-caf337625649",
              "parentUUID": "15e7d3ff-f13d-4009-88f2-447404ec953c",
              "isHook": false,
              "skipped": false
            },
            {
              "title": "Verify user able to change password",
              "fullTitle": "Verify 'My Account' page functionalities Verify user able to change password",
              "timedOut": null,
              "duration": 33,
              "state": "passed",
              "speed": "fast",
              "pass": true,
              "fail": false,
              "pending": false,
              "context": null,
              "code": "// 1. Go to Tamice.com\n// 2. Click human icon\n// 3. Click 'My Account' button under 'My Account' list\n// 4. Click 'edit' button\n// 5. Type valid credential\n// 6. Verify user able to change password",
              "err": {},
              "uuid": "ffed18a3-5fd2-4308-b899-1b34a941e3b3",
              "parentUUID": "15e7d3ff-f13d-4009-88f2-447404ec953c",
              "isHook": false,
              "skipped": false
            },
            {
              "title": "Verify user able to delete account",
              "fullTitle": "Verify 'My Account' page functionalities Verify user able to delete account",
              "timedOut": null,
              "duration": 32,
              "state": "passed",
              "speed": "fast",
              "pass": true,
              "fail": false,
              "pending": false,
              "context": null,
              "code": "// 1. Go to Tamice.com\n// 2. Click human icon\n// 3. Click 'My Account' button under 'My Account' list\n// 4. Click 'Delete Account'\n// 5. User land delete confirmation page\n// 6. Click 'Delete Account' button\n// 7. Verify user able to delete account",
              "err": {},
              "uuid": "14a4ee72-0251-4fe5-9952-98ce63e92a99",
              "parentUUID": "15e7d3ff-f13d-4009-88f2-447404ec953c",
              "isHook": false,
              "skipped": false
            }
          ],
          "suites": [],
          "passes": [
            "0b1015a7-3cec-4175-b654-ab6f9efd308e",
            "e8de76c8-7400-480b-8daa-caf337625649",
            "ffed18a3-5fd2-4308-b899-1b34a941e3b3",
            "14a4ee72-0251-4fe5-9952-98ce63e92a99"
          ],
          "failures": [],
          "pending": [],
          "skipped": [],
          "duration": 145,
          "root": false,
          "rootEmpty": false,
          "_timeout": 2000
        }
      ],
      "passes": [],
      "failures": [],
      "pending": [],
      "skipped": [],
      "duration": 0,
      "root": true,
      "rootEmpty": true,
      "_timeout": 2000
    },
    {
      "uuid": "a0331341-347b-42d0-b1f3-664e3fa4bec6",
      "title": "",
      "fullFile": "cypress/e2e/smokeTest/signuppageTest/signuppageTest.spec.js",
      "file": "cypress/e2e/smokeTest/signuppageTest/signuppageTest.spec.js",
      "beforeHooks": [],
      "afterHooks": [],
      "tests": [],
      "suites": [
        {
          "uuid": "15b87685-43c0-481d-9788-6135dca771a4",
          "title": "Verify 'Sign up' page functionalities",
          "fullFile": "",
          "file": "",
          "beforeHooks": [],
          "afterHooks": [],
          "tests": [
            {
              "title": "Verify sign up functionality",
              "fullTitle": "Verify 'Sign up' page functionalities Verify sign up functionality",
              "timedOut": null,
              "duration": 43,
              "state": "passed",
              "speed": "fast",
              "pass": true,
              "fail": false,
              "pending": false,
              "context": null,
              "code": "// 1. Go to Tamice.com\n// 2. Click 'Login/Sign Up' button\n// 3. Click 'Don't have an account' button\n// 4. Click 'Create an Account' button from Sign up page\n// 5. Type all valid information\n// 6. Check 'Terms & Conditions'\n// 7. Click 'Sign Up'",
              "err": {},
              "uuid": "6f2b3d0a-0262-40d3-9e89-bb5893776dcd",
              "parentUUID": "15b87685-43c0-481d-9788-6135dca771a4",
              "isHook": false,
              "skipped": false
            },
            {
              "title": "Verify Google sign up functionality",
              "fullTitle": "Verify 'Sign up' page functionalities Verify Google sign up functionality",
              "timedOut": null,
              "duration": 31,
              "state": "passed",
              "speed": "fast",
              "pass": true,
              "fail": false,
              "pending": false,
              "context": null,
              "code": "// 1. Go to Tamice.com\n// 2. Click 'Login/Sign Up' button\n// 3. Click 'Don't have an account' button\n// 4. Click 'Google sign up' button from Sign up page\n// 5. Type all valid information\n// 6. Click 'Sign Up'",
              "err": {},
              "uuid": "1911ff10-c713-42f6-b4ae-dab290312ac0",
              "parentUUID": "15b87685-43c0-481d-9788-6135dca771a4",
              "isHook": false,
              "skipped": false
            },
            {
              "title": "Verify Naver sign up functionality",
              "fullTitle": "Verify 'Sign up' page functionalities Verify Naver sign up functionality",
              "timedOut": null,
              "duration": 28,
              "state": "passed",
              "speed": "fast",
              "pass": true,
              "fail": false,
              "pending": false,
              "context": null,
              "code": "// 1. Go to Tamice.com\n// 2. Click 'Login/Sign Up' button\n// 3. Click 'Don't have an account' button\n// 4. Click 'Naver sign up' button from Sign up page\n// 5. Type all valid information\n// 6. Click 'Sign Up'",
              "err": {},
              "uuid": "eeb1b476-11be-4f02-92d4-54680a0a5a73",
              "parentUUID": "15b87685-43c0-481d-9788-6135dca771a4",
              "isHook": false,
              "skipped": false
            }
          ],
          "suites": [],
          "passes": [
            "6f2b3d0a-0262-40d3-9e89-bb5893776dcd",
            "1911ff10-c713-42f6-b4ae-dab290312ac0",
            "eeb1b476-11be-4f02-92d4-54680a0a5a73"
          ],
          "failures": [],
          "pending": [],
          "skipped": [],
          "duration": 102,
          "root": false,
          "rootEmpty": false,
          "_timeout": 2000
        }
      ],
      "passes": [],
      "failures": [],
      "pending": [],
      "skipped": [],
      "duration": 0,
      "root": true,
      "rootEmpty": true,
      "_timeout": 2000
    }
  ],
  "meta": {
    "mocha": {
      "version": "7.0.1"
    },
    "mochawesome": {
      "options": {
        "quiet": false,
        "reportFilename": "[status]_[datetime]_[name]-report",
        "saveHtml": false,
        "saveJson": true,
        "consoleReporter": "spec",
        "useInlineDiffs": false,
        "code": true
      },
      "version": "7.1.3"
    },
    "marge": {
      "options": {
        "code": true,
        "charts": true,
        "reportDir": "cypress/report/mochawesome-report",
        "reportFilename": "[status]_[datetime]_[name]-report",
        "timestamp": "m/d/yyyy/hTT",
        "overwrite": false,
        "html": false,
        "json": true
      },
      "version": "6.2.0"
    }
  }
}