{
  "stats": {
    "suites": 1,
    "tests": 5,
    "passes": 5,
    "pending": 0,
    "failures": 0,
    "start": "2023-03-17T22:58:51.824Z",
    "end": "2023-03-17T22:58:52.035Z",
    "duration": 211,
    "testsRegistered": 5,
    "passPercent": 100,
    "pendingPercent": 0,
    "other": 0,
    "hasOther": false,
    "skipped": 0,
    "hasSkipped": false
  },
  "results": [
    {
      "uuid": "f2759708-cbc5-431e-aa3d-dd74056bd52e",
      "title": "",
      "fullFile": "cypress/e2e/smokeTest/loginpageTest/loginpageTest.spec.js",
      "file": "cypress/e2e/smokeTest/loginpageTest/loginpageTest.spec.js",
      "beforeHooks": [],
      "afterHooks": [],
      "tests": [],
      "suites": [
        {
          "uuid": "0b61fba1-5636-43d7-8bf9-dce9efd9a472",
          "title": "Verify 'Login' page functionalities",
          "fullFile": "",
          "file": "",
          "beforeHooks": [],
          "afterHooks": [],
          "tests": [
            {
              "title": "Verify forgot password functionality",
              "fullTitle": "Verify 'Login' page functionalities Verify forgot password functionality",
              "timedOut": null,
              "duration": 51,
              "state": "passed",
              "speed": "fast",
              "pass": true,
              "fail": false,
              "pending": false,
              "context": null,
              "code": "// 1. Go to Tamice.com\n// 2. Click 'Login/Sign Up' button\n// 3. Click 'Forgot Password' button\n// 4. Type valid 'User email'\n// 5. Click 'Reset Password' button\n// 7. Go to user email and verify user receive reset password link",
              "err": {},
              "uuid": "f1e7f287-b7fb-441b-a856-0c800c971029",
              "parentUUID": "0b61fba1-5636-43d7-8bf9-dce9efd9a472",
              "isHook": false,
              "skipped": false
            },
            {
              "title": "Verify login functionality",
              "fullTitle": "Verify 'Login' page functionalities Verify login functionality",
              "timedOut": null,
              "duration": 27,
              "state": "passed",
              "speed": "fast",
              "pass": true,
              "fail": false,
              "pending": false,
              "context": null,
              "code": "// 1. Go to Tamice.com\n// 2. Click 'Login/Sign Up' button\n// 3. Type valid credential\n// 4. Click 'Sign in' button",
              "err": {},
              "uuid": "eb5ba7db-d781-48e9-a57e-722605a57c02",
              "parentUUID": "0b61fba1-5636-43d7-8bf9-dce9efd9a472",
              "isHook": false,
              "skipped": false
            },
            {
              "title": "Verify Google login functionality",
              "fullTitle": "Verify 'Login' page functionalities Verify Google login functionality",
              "timedOut": null,
              "duration": 34,
              "state": "passed",
              "speed": "fast",
              "pass": true,
              "fail": false,
              "pending": false,
              "context": null,
              "code": "// 1. Go to Tamice.com\n// 2. Click 'Login/Sign Up' button\n// 3. Click 'Google Login' button\n// 4. Choose user id\n// 5. Verify user able to login with google account",
              "err": {},
              "uuid": "f709fea0-6b59-4a57-bdd5-c656c4402875",
              "parentUUID": "0b61fba1-5636-43d7-8bf9-dce9efd9a472",
              "isHook": false,
              "skipped": false
            },
            {
              "title": "Verify Naver login functionality",
              "fullTitle": "Verify 'Login' page functionalities Verify Naver login functionality",
              "timedOut": null,
              "duration": 28,
              "state": "passed",
              "speed": "fast",
              "pass": true,
              "fail": false,
              "pending": false,
              "context": null,
              "code": "// 1. Go to Tamice.com\n// 2. Click 'Login/Sign Up' button\n// 3. Click 'Naver Login' button\n// 4. Choose user id\n// 5. Verify user able to login with naver account",
              "err": {},
              "uuid": "81703280-c1b7-4f06-9849-93ee020e59f2",
              "parentUUID": "0b61fba1-5636-43d7-8bf9-dce9efd9a472",
              "isHook": false,
              "skipped": false
            },
            {
              "title": "Verify create 'Non-Member ticket look up' functionality",
              "fullTitle": "Verify 'Login' page functionalities Verify create 'Non-Member ticket look up' functionality",
              "timedOut": null,
              "duration": 26,
              "state": "passed",
              "speed": "fast",
              "pass": true,
              "fail": false,
              "pending": false,
              "context": null,
              "code": "// 1. Go to Tamice.com\n// 2. Click 'Login/Sign Up' button\n// 3. Click 'Non-Member ticket lookup' button\n// 4. Type valid 'User email'\n// 5. Type valid user 'Order number'\n// 5. Click 'Order Lookup' button\n// 7. Verify user able see orders in the 'My booking' page",
              "err": {},
              "uuid": "4686a24e-0b97-47d6-a73a-508d71fe7951",
              "parentUUID": "0b61fba1-5636-43d7-8bf9-dce9efd9a472",
              "isHook": false,
              "skipped": false
            }
          ],
          "suites": [],
          "passes": [
            "f1e7f287-b7fb-441b-a856-0c800c971029",
            "eb5ba7db-d781-48e9-a57e-722605a57c02",
            "f709fea0-6b59-4a57-bdd5-c656c4402875",
            "81703280-c1b7-4f06-9849-93ee020e59f2",
            "4686a24e-0b97-47d6-a73a-508d71fe7951"
          ],
          "failures": [],
          "pending": [],
          "skipped": [],
          "duration": 166,
          "root": false,
          "rootEmpty": false,
          "_timeout": 2000
        }
      ],
      "passes": [],
      "failures": [],
      "pending": [],
      "skipped": [],
      "duration": 0,
      "root": true,
      "rootEmpty": true,
      "_timeout": 2000
    }
  ],
  "meta": {
    "mocha": {
      "version": "7.0.1"
    },
    "mochawesome": {
      "options": {
        "quiet": false,
        "reportFilename": "[status]_[datetime]_[name]-report",
        "saveHtml": false,
        "saveJson": true,
        "consoleReporter": "spec",
        "useInlineDiffs": false,
        "code": true
      },
      "version": "7.1.3"
    },
    "marge": {
      "options": {
        "code": true,
        "charts": true,
        "reportDir": "cypress/report/mochawesome-report",
        "reportFilename": "[status]_[datetime]_[name]-report",
        "timestamp": "m/d/yyyy/hTT",
        "overwrite": false,
        "html": false,
        "json": true
      },
      "version": "6.2.0"
    }
  }
}