{
  "stats": {
    "suites": 1,
    "tests": 3,
    "passes": 3,
    "pending": 0,
    "failures": 0,
    "start": "2023-03-17T22:58:55.079Z",
    "end": "2023-03-17T22:58:55.222Z",
    "duration": 143,
    "testsRegistered": 3,
    "passPercent": 100,
    "pendingPercent": 0,
    "other": 0,
    "hasOther": false,
    "skipped": 0,
    "hasSkipped": false
  },
  "results": [
    {
      "uuid": "697d5cc1-6321-4c77-aadb-30ee8239f7a2",
      "title": "",
      "fullFile": "cypress/e2e/smokeTest/signuppageTest/signuppageTest.spec.js",
      "file": "cypress/e2e/smokeTest/signuppageTest/signuppageTest.spec.js",
      "beforeHooks": [],
      "afterHooks": [],
      "tests": [],
      "suites": [
        {
          "uuid": "b38481a5-8f1f-489a-8dd2-c6cafbabfe4c",
          "title": "Verify 'Sign up' page functionalities",
          "fullFile": "",
          "file": "",
          "beforeHooks": [],
          "afterHooks": [],
          "tests": [
            {
              "title": "Verify sign up functionality",
              "fullTitle": "Verify 'Sign up' page functionalities Verify sign up functionality",
              "timedOut": null,
              "duration": 41,
              "state": "passed",
              "speed": "fast",
              "pass": true,
              "fail": false,
              "pending": false,
              "context": null,
              "code": "// 1. Go to Tamice.com\n// 2. Click 'Login/Sign Up' button\n// 3. Click 'Don't have an account' button\n// 4. Click 'Create an Account' button from Sign up page\n// 5. Type all valid information\n// 6. Check 'Terms & Conditions'\n// 7. Click 'Sign Up'",
              "err": {},
              "uuid": "2cd668cc-5f81-4475-acdb-403d044612ed",
              "parentUUID": "b38481a5-8f1f-489a-8dd2-c6cafbabfe4c",
              "isHook": false,
              "skipped": false
            },
            {
              "title": "Verify Google sign up functionality",
              "fullTitle": "Verify 'Sign up' page functionalities Verify Google sign up functionality",
              "timedOut": null,
              "duration": 37,
              "state": "passed",
              "speed": "fast",
              "pass": true,
              "fail": false,
              "pending": false,
              "context": null,
              "code": "// 1. Go to Tamice.com\n// 2. Click 'Login/Sign Up' button\n// 3. Click 'Don't have an account' button\n// 4. Click 'Google sign up' button from Sign up page\n// 5. Type all valid information\n// 6. Click 'Sign Up'",
              "err": {},
              "uuid": "8f41f5ef-bcf1-4f55-8479-6952c896001f",
              "parentUUID": "b38481a5-8f1f-489a-8dd2-c6cafbabfe4c",
              "isHook": false,
              "skipped": false
            },
            {
              "title": "Verify Naver sign up functionality",
              "fullTitle": "Verify 'Sign up' page functionalities Verify Naver sign up functionality",
              "timedOut": null,
              "duration": 34,
              "state": "passed",
              "speed": "fast",
              "pass": true,
              "fail": false,
              "pending": false,
              "context": null,
              "code": "// 1. Go to Tamice.com\n// 2. Click 'Login/Sign Up' button\n// 3. Click 'Don't have an account' button\n// 4. Click 'Naver sign up' button from Sign up page\n// 5. Type all valid information\n// 6. Click 'Sign Up'",
              "err": {},
              "uuid": "2bfbd85f-83e6-4e72-a1f6-5ebd6d685d3e",
              "parentUUID": "b38481a5-8f1f-489a-8dd2-c6cafbabfe4c",
              "isHook": false,
              "skipped": false
            }
          ],
          "suites": [],
          "passes": [
            "2cd668cc-5f81-4475-acdb-403d044612ed",
            "8f41f5ef-bcf1-4f55-8479-6952c896001f",
            "2bfbd85f-83e6-4e72-a1f6-5ebd6d685d3e"
          ],
          "failures": [],
          "pending": [],
          "skipped": [],
          "duration": 112,
          "root": false,
          "rootEmpty": false,
          "_timeout": 2000
        }
      ],
      "passes": [],
      "failures": [],
      "pending": [],
      "skipped": [],
      "duration": 0,
      "root": true,
      "rootEmpty": true,
      "_timeout": 2000
    }
  ],
  "meta": {
    "mocha": {
      "version": "7.0.1"
    },
    "mochawesome": {
      "options": {
        "quiet": false,
        "reportFilename": "[status]_[datetime]_[name]-report",
        "saveHtml": false,
        "saveJson": true,
        "consoleReporter": "spec",
        "useInlineDiffs": false,
        "code": true
      },
      "version": "7.1.3"
    },
    "marge": {
      "options": {
        "code": true,
        "charts": true,
        "reportDir": "cypress/report/mochawesome-report",
        "reportFilename": "[status]_[datetime]_[name]-report",
        "timestamp": "m/d/yyyy/hTT",
        "overwrite": false,
        "html": false,
        "json": true
      },
      "version": "6.2.0"
    }
  }
}