{
  "stats": {
    "suites": 1,
    "tests": 3,
    "passes": 3,
    "pending": 0,
    "failures": 0,
    "start": "2023-03-16T22:19:40.813Z",
    "end": "2023-03-16T22:19:40.964Z",
    "duration": 151,
    "testsRegistered": 3,
    "passPercent": 100,
    "pendingPercent": 0,
    "other": 0,
    "hasOther": false,
    "skipped": 0,
    "hasSkipped": false
  },
  "results": [
    {
      "uuid": "a0331341-347b-42d0-b1f3-664e3fa4bec6",
      "title": "",
      "fullFile": "cypress/e2e/smokeTest/signuppageTest/signuppageTest.spec.js",
      "file": "cypress/e2e/smokeTest/signuppageTest/signuppageTest.spec.js",
      "beforeHooks": [],
      "afterHooks": [],
      "tests": [],
      "suites": [
        {
          "uuid": "15b87685-43c0-481d-9788-6135dca771a4",
          "title": "Verify 'Sign up' page functionalities",
          "fullFile": "",
          "file": "",
          "beforeHooks": [],
          "afterHooks": [],
          "tests": [
            {
              "title": "Verify sign up functionality",
              "fullTitle": "Verify 'Sign up' page functionalities Verify sign up functionality",
              "timedOut": null,
              "duration": 43,
              "state": "passed",
              "speed": "fast",
              "pass": true,
              "fail": false,
              "pending": false,
              "context": null,
              "code": "// 1. Go to Tamice.com\n// 2. Click 'Login/Sign Up' button\n// 3. Click 'Don't have an account' button\n// 4. Click 'Create an Account' button from Sign up page\n// 5. Type all valid information\n// 6. Check 'Terms & Conditions'\n// 7. Click 'Sign Up'",
              "err": {},
              "uuid": "6f2b3d0a-0262-40d3-9e89-bb5893776dcd",
              "parentUUID": "15b87685-43c0-481d-9788-6135dca771a4",
              "isHook": false,
              "skipped": false
            },
            {
              "title": "Verify Google sign up functionality",
              "fullTitle": "Verify 'Sign up' page functionalities Verify Google sign up functionality",
              "timedOut": null,
              "duration": 31,
              "state": "passed",
              "speed": "fast",
              "pass": true,
              "fail": false,
              "pending": false,
              "context": null,
              "code": "// 1. Go to Tamice.com\n// 2. Click 'Login/Sign Up' button\n// 3. Click 'Don't have an account' button\n// 4. Click 'Google sign up' button from Sign up page\n// 5. Type all valid information\n// 6. Click 'Sign Up'",
              "err": {},
              "uuid": "1911ff10-c713-42f6-b4ae-dab290312ac0",
              "parentUUID": "15b87685-43c0-481d-9788-6135dca771a4",
              "isHook": false,
              "skipped": false
            },
            {
              "title": "Verify Naver sign up functionality",
              "fullTitle": "Verify 'Sign up' page functionalities Verify Naver sign up functionality",
              "timedOut": null,
              "duration": 28,
              "state": "passed",
              "speed": "fast",
              "pass": true,
              "fail": false,
              "pending": false,
              "context": null,
              "code": "// 1. Go to Tamice.com\n// 2. Click 'Login/Sign Up' button\n// 3. Click 'Don't have an account' button\n// 4. Click 'Naver sign up' button from Sign up page\n// 5. Type all valid information\n// 6. Click 'Sign Up'",
              "err": {},
              "uuid": "eeb1b476-11be-4f02-92d4-54680a0a5a73",
              "parentUUID": "15b87685-43c0-481d-9788-6135dca771a4",
              "isHook": false,
              "skipped": false
            }
          ],
          "suites": [],
          "passes": [
            "6f2b3d0a-0262-40d3-9e89-bb5893776dcd",
            "1911ff10-c713-42f6-b4ae-dab290312ac0",
            "eeb1b476-11be-4f02-92d4-54680a0a5a73"
          ],
          "failures": [],
          "pending": [],
          "skipped": [],
          "duration": 102,
          "root": false,
          "rootEmpty": false,
          "_timeout": 2000
        }
      ],
      "passes": [],
      "failures": [],
      "pending": [],
      "skipped": [],
      "duration": 0,
      "root": true,
      "rootEmpty": true,
      "_timeout": 2000
    }
  ],
  "meta": {
    "mocha": {
      "version": "7.0.1"
    },
    "mochawesome": {
      "options": {
        "quiet": false,
        "reportFilename": "[status]_[datetime]_[name]-report",
        "saveHtml": false,
        "saveJson": true,
        "consoleReporter": "spec",
        "useInlineDiffs": false,
        "code": true
      },
      "version": "7.1.3"
    },
    "marge": {
      "options": {
        "code": true,
        "charts": true,
        "reportDir": "cypress/report/mochawesome-report",
        "reportFilename": "[status]_[datetime]_[name]-report",
        "timestamp": "m/d/yyyy/hTT",
        "overwrite": false,
        "html": false,
        "json": true
      },
      "version": "6.2.0"
    }
  }
}