{
  "stats": {
    "suites": 1,
    "tests": 15,
    "passes": 15,
    "pending": 0,
    "failures": 0,
    "start": "2023-03-16T22:19:26.970Z",
    "end": "2023-03-16T22:19:34.497Z",
    "duration": 7527,
    "testsRegistered": 15,
    "passPercent": 100,
    "pendingPercent": 0,
    "other": 0,
    "hasOther": false,
    "skipped": 0,
    "hasSkipped": false
  },
  "results": [
    {
      "uuid": "e37ce8cb-48c6-485a-a8dd-f1e787eb5cfe",
      "title": "",
      "fullFile": "cypress/e2e/smokeTest/landingpageTest/landingpageTest.spec.js",
      "file": "cypress/e2e/smokeTest/landingpageTest/landingpageTest.spec.js",
      "beforeHooks": [],
      "afterHooks": [],
      "tests": [],
      "suites": [
        {
          "uuid": "fe72efd5-d456-41af-92c6-1154d1d084bf",
          "title": "Verify 'Landing' page functionalities",
          "fullFile": "",
          "file": "",
          "beforeHooks": [],
          "afterHooks": [],
          "tests": [
            {
              "title": "Verify 'Home' button on landing page redirected to 'Home' page",
              "fullTitle": "Verify 'Landing' page functionalities Verify 'Home' button on landing page redirected to 'Home' page",
              "timedOut": null,
              "duration": 671,
              "state": "passed",
              "speed": "fast",
              "pass": true,
              "fail": false,
              "pending": false,
              "context": null,
              "code": "//1. Go to Tamice.com\ncy.visit(Cypress.env(\"url\"));\n//2. Click Home button from the navigation bar\ncy.contains(\"Home\").click({\n  force: true\n}).should(\"have.text\", \"Home\");\n//3. Verify Home button on landing page redirect to Home page\ncy.xpath(\"/html[1]/body[1]/div[1]/div[1]/div[3]/div[1]/span[2]\").should(\"have.text\", \"Must See in New York\");",
              "err": {},
              "uuid": "c036e468-8ac1-44cb-b1ee-7547172d2bd7",
              "parentUUID": "fe72efd5-d456-41af-92c6-1154d1d084bf",
              "isHook": false,
              "skipped": false
            },
            {
              "title": "Verify 'NY Big Apple Pass' button on landing page redirected to 'NY Big Apple Pass' page",
              "fullTitle": "Verify 'Landing' page functionalities Verify 'NY Big Apple Pass' button on landing page redirected to 'NY Big Apple Pass' page",
              "timedOut": null,
              "duration": 306,
              "state": "passed",
              "speed": "fast",
              "pass": true,
              "fail": false,
              "pending": false,
              "context": null,
              "code": "//1. Go to Tamice.com\ncy.visit(Cypress.env(\"url\"));\n//2. Hover over \"Package Tour\" button\ncy.contains(\"Package Tour\").invoke(\"show\");\n// get first li from the hidden box\ncy.get(\"li\").contains(\"NY Big Apple Pass\").click({\n  force: true\n});\n//4. Verify NY Big Apple Pass button on landing page redirect to NY Big Apple Pass page\ncy.xpath(\"/html[1]/body[1]/div[1]/div[1]/div[3]/div[1]/div[3]/div[1]/span[1]\").should(\"have.text\", \"Big Apple Pass\");",
              "err": {},
              "uuid": "05d4ae03-b25b-4af2-8680-b81b557aa5b4",
              "parentUUID": "fe72efd5-d456-41af-92c6-1154d1d084bf",
              "isHook": false,
              "skipped": false
            },
            {
              "title": "Verify 'Observation' button on landing page redirected to 'Observation' page",
              "fullTitle": "Verify 'Landing' page functionalities Verify 'Observation' button on landing page redirected to 'Observation' page",
              "timedOut": null,
              "duration": 270,
              "state": "passed",
              "speed": "fast",
              "pass": true,
              "fail": false,
              "pending": false,
              "context": null,
              "code": "//1. Go to Tamice.com\ncy.visit(Cypress.env(\"url\"));\n//2. Hover over \"City Attractions\" button\ncy.contains(\"City Attractions\").invoke(\"show\");\n//3. Click \"Observations\" button\ncy.get(\"li\").contains(\"Observation(Scenics)\").click({\n  force: true\n});\n//4. Verify Observations button on landing page redirect to NY Big Apple Pass page\ncy.xpath(\"/html[1]/body[1]/div[1]/div[1]/div[3]/div[1]/div[3]/div[1]/span[1]\").should(\"have.text\", \"Scenics\");",
              "err": {},
              "uuid": "f01cc148-3830-47fa-8033-c9a7d96ed125",
              "parentUUID": "fe72efd5-d456-41af-92c6-1154d1d084bf",
              "isHook": false,
              "skipped": false
            },
            {
              "title": "verify 'Musicals & Shows' button on landing page redirected to 'Musicals & Shows' page",
              "fullTitle": "Verify 'Landing' page functionalities verify 'Musicals & Shows' button on landing page redirected to 'Musicals & Shows' page",
              "timedOut": null,
              "duration": 257,
              "state": "passed",
              "speed": "fast",
              "pass": true,
              "fail": false,
              "pending": false,
              "context": null,
              "code": "//1. Go to Tamice.com\ncy.visit(Cypress.env(\"url\"));\n//2. Click \"Musicals & Shows\"\ncy.contains(\"Musicals & Shows\").click({\n  force: true\n});\n//3. Verify Observations button on landing page redirect to NY Big Apple Pass page\ncy.xpath(\"/html[1]/body[1]/div[1]/div[1]/div[3]/div[1]/div[3]/div[1]/span[1]\").should(\"have.text\", \"Broadway Musicals / Shows\");",
              "err": {},
              "uuid": "d02f64c6-91af-4fda-9c51-ae7c71ace4c2",
              "parentUUID": "fe72efd5-d456-41af-92c6-1154d1d084bf",
              "isHook": false,
              "skipped": false
            },
            {
              "title": "Verify '여행정보' button on landing page redirected to '여행정보' page",
              "fullTitle": "Verify 'Landing' page functionalities Verify '여행정보' button on landing page redirected to '여행정보' page",
              "timedOut": null,
              "duration": 74,
              "state": "passed",
              "speed": "fast",
              "pass": true,
              "fail": false,
              "pending": false,
              "context": null,
              "code": "// 1. Go to Tamice.com\n// 2. Click '여행정보' button",
              "err": {},
              "uuid": "27f86775-d4e9-4f69-b6a5-596c2c3be86a",
              "parentUUID": "fe72efd5-d456-41af-92c6-1154d1d084bf",
              "isHook": false,
              "skipped": false
            },
            {
              "title": "Verify 'About Us' button on landing page redirected to 'About Us' page",
              "fullTitle": "Verify 'Landing' page functionalities Verify 'About Us' button on landing page redirected to 'About Us' page",
              "timedOut": null,
              "duration": 475,
              "state": "passed",
              "speed": "fast",
              "pass": true,
              "fail": false,
              "pending": false,
              "context": null,
              "code": "//1. Go to Tamice.com\ncy.visit(Cypress.env(\"url\"));\n//2. Click \"About Us\"\ncy.contains(\"About Us\").click();\n//3. Verify Observations button on landing page redirect to NY Big Apple Pass page\ncy.xpath(\"/html[1]/body[1]/div[1]/div[1]/div[3]/div[1]/div[2]/span[1]\").should(\"have.text\", \"Why Tour With Us?\");",
              "err": {},
              "uuid": "f849ad59-8d90-460a-81bf-30db4ca0b7f1",
              "parentUUID": "fe72efd5-d456-41af-92c6-1154d1d084bf",
              "isHook": false,
              "skipped": false
            },
            {
              "title": "Verify 'Guide Tour' button on landing page redirected to 'Guide Tour' page",
              "fullTitle": "Verify 'Landing' page functionalities Verify 'Guide Tour' button on landing page redirected to 'Guide Tour' page",
              "timedOut": null,
              "duration": 394,
              "state": "passed",
              "speed": "fast",
              "pass": true,
              "fail": false,
              "pending": false,
              "context": null,
              "code": "//1. Go to Tamice.com\ncy.visit(Cypress.env(\"url\"));\n//2. Hover over \"Guid Tour\"\ncy.xpath(\"/html[1]/body[1]/div[1]/div[1]/div[1]/div[2]/div[2]/button[4]\").contains(\"Manhattan Day Tour\").click({\n  force: true\n});\n//3. Click \"Manhattan Day Tour\" button\n//4. Verify Observations button on landing page redirect to NY Big Apple Pass page\ncy.xpath(\"/html[1]/body[1]/div[1]/div[1]/div[3]/div[1]/div[3]/div[1]/span[1]\").should(\"have.text\", \"Manhattan day\");",
              "err": {},
              "uuid": "5e1d1753-6f99-46da-b79b-ef19c25be639",
              "parentUUID": "fe72efd5-d456-41af-92c6-1154d1d084bf",
              "isHook": false,
              "skipped": false
            },
            {
              "title": "Verify 'Cart' button on landing page redirected to 'Cart' page",
              "fullTitle": "Verify 'Landing' page functionalities Verify 'Cart' button on landing page redirected to 'Cart' page",
              "timedOut": null,
              "duration": 776,
              "state": "passed",
              "speed": "fast",
              "pass": true,
              "fail": false,
              "pending": false,
              "context": null,
              "code": "//1. Go to Tamice.com\ncy.visit(Cypress.env(\"url\"));\n//2. Click 'Cart' button\ncy.contains(\"Cart\").click();\n//3. Verify user redirected to 'Cart'page",
              "err": {},
              "uuid": "f409e91b-79d6-46fd-b956-bc3acfae89e4",
              "parentUUID": "fe72efd5-d456-41af-92c6-1154d1d084bf",
              "isHook": false,
              "skipped": false
            },
            {
              "title": "Verify 'Login' button on landing page redirected to 'Login' page",
              "fullTitle": "Verify 'Landing' page functionalities Verify 'Login' button on landing page redirected to 'Login' page",
              "timedOut": null,
              "duration": 639,
              "state": "passed",
              "speed": "fast",
              "pass": true,
              "fail": false,
              "pending": false,
              "context": null,
              "code": "//1. Go to Tamice.com\ncy.visit(Cypress.env(\"url\"));\n//2. Click 'Login' button\ncy.contains(\"Login\").click();\n//3. Verify user redirected to 'Login'page\ncy.url().should(\"include\", \"user/log-in\");",
              "err": {},
              "uuid": "e8c44370-5bd4-47c1-a478-da3b7e5e8be5",
              "parentUUID": "fe72efd5-d456-41af-92c6-1154d1d084bf",
              "isHook": false,
              "skipped": false
            },
            {
              "title": "Verify 'Sign Up' button on landing page redirected to 'Sign Up' page",
              "fullTitle": "Verify 'Landing' page functionalities Verify 'Sign Up' button on landing page redirected to 'Sign Up' page",
              "timedOut": null,
              "duration": 671,
              "state": "passed",
              "speed": "fast",
              "pass": true,
              "fail": false,
              "pending": false,
              "context": null,
              "code": "//1. Go to Tamice.com\ncy.visit(Cypress.env(\"url\"));\n//2. Click 'Sign up' button\ncy.contains(\"Sign Up\").click();\n//3. Verify user redirected to 'Sign up'page\ncy.url().should(\"include\", \"user/sign-up\");",
              "err": {},
              "uuid": "eaa1ac19-9a21-411e-9648-09fd9cebfebd",
              "parentUUID": "fe72efd5-d456-41af-92c6-1154d1d084bf",
              "isHook": false,
              "skipped": false
            },
            {
              "title": "Verify 'Logo' button on landing page redirected to 'Logo' page",
              "fullTitle": "Verify 'Landing' page functionalities Verify 'Logo' button on landing page redirected to 'Logo' page",
              "timedOut": null,
              "duration": 467,
              "state": "passed",
              "speed": "fast",
              "pass": true,
              "fail": false,
              "pending": false,
              "context": null,
              "code": "//1. Go to Tamice.com\ncy.visit(Cypress.env(\"url\"));\n//2. Click Tamice.com logo button\ncy.get(\"img[alt='Tamice logo']\").first().click();\n//3. Verify user redirected to 'Sign up'page\ncy.url().should(\"eq\", \"https://thernlovendev.github.io/ticket-site/#/\");",
              "err": {},
              "uuid": "58bb7233-058c-4cd6-ad32-0458557b5a39",
              "parentUUID": "fe72efd5-d456-41af-92c6-1154d1d084bf",
              "isHook": false,
              "skipped": false
            },
            {
              "title": "Verify 'Contact Us' button on navigation page redirected to 'Contact Us' page",
              "fullTitle": "Verify 'Landing' page functionalities Verify 'Contact Us' button on navigation page redirected to 'Contact Us' page",
              "timedOut": null,
              "duration": 424,
              "state": "passed",
              "speed": "fast",
              "pass": true,
              "fail": false,
              "pending": false,
              "context": null,
              "code": "//1. Go to Tamice.com\ncy.visit(Cypress.env(\"url\"));\n//2. Click \"Contact Us\"\ncy.contains(\"Contact Us\").click();\n//3. Verify Observations button on landing page redirect to NY Big Apple Pass page\ncy.xpath(\"//html[1]/body[1]/div[1]/div[1]/div[3]/div[1]/div[2]/span[1]\").should(\"have.text\", \"Contact Us\");\ncy.url().should(\"include\", \"/contact\");",
              "err": {},
              "uuid": "70b42dd3-c3cf-48b6-b814-80f2872281e2",
              "parentUUID": "fe72efd5-d456-41af-92c6-1154d1d084bf",
              "isHook": false,
              "skipped": false
            },
            {
              "title": "Verify user able to land 'My Bookings' page after click 'My booking' button under 'My Account' list",
              "fullTitle": "Verify 'Landing' page functionalities Verify user able to land 'My Bookings' page after click 'My booking' button under 'My Account' list",
              "timedOut": null,
              "duration": 66,
              "state": "passed",
              "speed": "fast",
              "pass": true,
              "fail": false,
              "pending": false,
              "context": null,
              "code": "// 1. Go to Tamice.com\n// 2. Click human icon\n// 3. Click 'My booking' button under 'My Account' list\n// 4. Verify user able to land 'My Bookings' page after click 'My Booking' button under 'My Account' lists",
              "err": {},
              "uuid": "990c4639-8865-4bb6-9072-6220a6d0e4a8",
              "parentUUID": "fe72efd5-d456-41af-92c6-1154d1d084bf",
              "isHook": false,
              "skipped": false
            },
            {
              "title": "Verify user able to land 'My Account' page after click 'My Account' button",
              "fullTitle": "Verify 'Landing' page functionalities Verify user able to land 'My Account' page after click 'My Account' button",
              "timedOut": null,
              "duration": 84,
              "state": "passed",
              "speed": "fast",
              "pass": true,
              "fail": false,
              "pending": false,
              "context": null,
              "code": "// 1. Go to Tamice.com\n// 2. Click human icon\n// 3. Click 'My booking' button under 'My Account' list\n// 4. Verify user able to land 'My Account' page after click 'My Account' link",
              "err": {},
              "uuid": "cc75488a-ab36-4574-9d35-b9d2a2c27b37",
              "parentUUID": "fe72efd5-d456-41af-92c6-1154d1d084bf",
              "isHook": false,
              "skipped": false
            },
            {
              "title": "Verify sign out functionality",
              "fullTitle": "Verify 'Landing' page functionalities Verify sign out functionality",
              "timedOut": null,
              "duration": 47,
              "state": "passed",
              "speed": "fast",
              "pass": true,
              "fail": false,
              "pending": false,
              "context": null,
              "code": "// 1. Go to Tamice.com\n// 2. Click 'Login/Sign up' button\n// 3. Type valid credential\n// 4. Click 'Login' button\n// 5. Click human icon button\n// 6. Click 'Sign out' button s",
              "err": {},
              "uuid": "cc50c200-d727-46b5-898f-75188a79931e",
              "parentUUID": "fe72efd5-d456-41af-92c6-1154d1d084bf",
              "isHook": false,
              "skipped": false
            }
          ],
          "suites": [],
          "passes": [
            "c036e468-8ac1-44cb-b1ee-7547172d2bd7",
            "05d4ae03-b25b-4af2-8680-b81b557aa5b4",
            "f01cc148-3830-47fa-8033-c9a7d96ed125",
            "d02f64c6-91af-4fda-9c51-ae7c71ace4c2",
            "27f86775-d4e9-4f69-b6a5-596c2c3be86a",
            "f849ad59-8d90-460a-81bf-30db4ca0b7f1",
            "5e1d1753-6f99-46da-b79b-ef19c25be639",
            "f409e91b-79d6-46fd-b956-bc3acfae89e4",
            "e8c44370-5bd4-47c1-a478-da3b7e5e8be5",
            "eaa1ac19-9a21-411e-9648-09fd9cebfebd",
            "58bb7233-058c-4cd6-ad32-0458557b5a39",
            "70b42dd3-c3cf-48b6-b814-80f2872281e2",
            "990c4639-8865-4bb6-9072-6220a6d0e4a8",
            "cc75488a-ab36-4574-9d35-b9d2a2c27b37",
            "cc50c200-d727-46b5-898f-75188a79931e"
          ],
          "failures": [],
          "pending": [],
          "skipped": [],
          "duration": 5621,
          "root": false,
          "rootEmpty": false,
          "_timeout": 2000
        }
      ],
      "passes": [],
      "failures": [],
      "pending": [],
      "skipped": [],
      "duration": 0,
      "root": true,
      "rootEmpty": true,
      "_timeout": 2000
    }
  ],
  "meta": {
    "mocha": {
      "version": "7.0.1"
    },
    "mochawesome": {
      "options": {
        "quiet": false,
        "reportFilename": "[status]_[datetime]_[name]-report",
        "saveHtml": false,
        "saveJson": true,
        "consoleReporter": "spec",
        "useInlineDiffs": false,
        "code": true
      },
      "version": "7.1.3"
    },
    "marge": {
      "options": {
        "code": true,
        "charts": true,
        "reportDir": "cypress/report/mochawesome-report",
        "reportFilename": "[status]_[datetime]_[name]-report",
        "timestamp": "m/d/yyyy/hTT",
        "overwrite": false,
        "html": false,
        "json": true
      },
      "version": "6.2.0"
    }
  }
}