{
  "stats": {
    "suites": 1,
    "tests": 7,
    "passes": 7,
    "pending": 0,
    "failures": 0,
    "start": "2023-03-17T22:58:22.729Z",
    "end": "2023-03-17T22:58:28.025Z",
    "duration": 5296,
    "testsRegistered": 7,
    "passPercent": 100,
    "pendingPercent": 0,
    "other": 0,
    "hasOther": false,
    "skipped": 0,
    "hasSkipped": false
  },
  "results": [
    {
      "uuid": "543aaab0-ba43-45a2-a0a3-b5e1302ee420",
      "title": "",
      "fullFile": "cypress/e2e/smokeTest/cartpageTest/cartpageTest.spec.js",
      "file": "cypress/e2e/smokeTest/cartpageTest/cartpageTest.spec.js",
      "beforeHooks": [],
      "afterHooks": [],
      "tests": [],
      "suites": [
        {
          "uuid": "289178a9-70d7-42bb-aeac-e0229385638d",
          "title": "Verify 'Cart' page functionalities",
          "fullFile": "",
          "file": "",
          "beforeHooks": [],
          "afterHooks": [],
          "tests": [
            {
              "title": "Verify user able to add product in the cart",
              "fullTitle": "Verify 'Cart' page functionalities Verify user able to add product in the cart",
              "timedOut": null,
              "duration": 65,
              "state": "passed",
              "speed": "fast",
              "pass": true,
              "fail": false,
              "pending": false,
              "context": null,
              "code": "// 1. Go to Tamice.com\n// 2. Hove over 'Package Tour' from the navigation bar\n// 3. Click 'NY Big Apple Pass'\n// 4. Add products\n// 5. Go to 'Cart' page\n// 6. Verify product is in the 'Cart' page",
              "err": {},
              "uuid": "0fc12505-a983-40ae-92d0-24bf38835c3b",
              "parentUUID": "289178a9-70d7-42bb-aeac-e0229385638d",
              "isHook": false,
              "skipped": false
            },
            {
              "title": "User able to subtract product quantity from the '티켓구입' field",
              "fullTitle": "Verify 'Cart' page functionalities User able to subtract product quantity from the '티켓구입' field",
              "timedOut": null,
              "duration": 1993,
              "state": "passed",
              "speed": "fast",
              "pass": true,
              "fail": false,
              "pending": false,
              "context": null,
              "code": "//1. Go to Tamice.com\ncy.visit(Cypress.env(\"url\"));\n//2. Hove over \"Package Tour\" from the navigation bar\ncy.contains(\"Package Tour\").invoke(\"show\").should(\"be.visible\");\n//3. Get first li 'NY Big Apple Pass' from the hidden box\ncy.get(\"li\").first().should(\"have.text\", \"NY Big Apple Pass\").click({\n  force: true\n});\n//4. Go to \"티켓구입\" box and click \"+\" button two times\nfor (let n = 1; n < 3; n++) {\n  cy.xpath(\"/html[1]/body[1]/div[1]/div[1]/div[3]/div[1]/div[3]/div[1]/div[1]/div[2]/div[1]/div[3]/div[5]/div[2]/img[2]\").click();\n}\n//5. Check quantity equals to 3\ncy.xpath(\"/html[1]/body[1]/div[1]/div[1]/div[3]/div[1]/div[3]/div[1]/div[1]/div[2]/div[1]/div[3]/div[5]/div[2]\").should(\"have.text\", \"3\");\n//6. Click \"2\" button until 1\ncy.xpath(\"/html[1]/body[1]/div[1]/div[1]/div[3]/div[1]/div[3]/div[1]/div[1]/div[2]/div[1]/div[3]/div[5]/div[2]/img[1]\").click();\ncy.xpath(\"/html[1]/body[1]/div[1]/div[1]/div[3]/div[1]/div[3]/div[1]/div[1]/div[2]/div[1]/div[3]/div[5]/div[2]/img[1]\").click();\n//7. Check quantity equals to 1\ncy.xpath(\"/html[1]/body[1]/div[1]/div[1]/div[3]/div[1]/div[3]/div[1]/div[1]/div[2]/div[1]/div[3]/div[5]/div[2]\").should(\"have.text\", \"1\");",
              "err": {},
              "uuid": "7c3023b5-1589-4f84-aa3b-82073b80309e",
              "parentUUID": "289178a9-70d7-42bb-aeac-e0229385638d",
              "isHook": false,
              "skipped": false
            },
            {
              "title": "User able to add product quantity from the '티켓구입' field",
              "fullTitle": "Verify 'Cart' page functionalities User able to add product quantity from the '티켓구입' field",
              "timedOut": null,
              "duration": 1094,
              "state": "passed",
              "speed": "fast",
              "pass": true,
              "fail": false,
              "pending": false,
              "context": null,
              "code": "// 1. Go to Tamice.com\ncy.visit(Cypress.env(\"url\"));\n// 2. Hove over 'Package Tour' from the navigation bar\ncy.contains(\"Package Tour\").invoke(\"show\").should(\"be.visible\");\n// 3. Get first li 'NY Big Apple Pass' from the hidden box\ncy.get(\"li\").first().should(\"have.text\", \"NY Big Apple Pass\").click({\n  force: true\n});\n// 4. Click '+' button until 4\nfor (let n = 1; n < 4; n++) {\n  cy.xpath(\"/html[1]/body[1]/div[1]/div[1]/div[3]/div[1]/div[3]/div[1]/div[1]/div[2]/div[1]/div[3]/div[5]/div[2]/img[2]\").click();\n}\n// 5. Check quantity equals to 4\ncy.xpath(\"/html[1]/body[1]/div[1]/div[1]/div[3]/div[1]/div[3]/div[1]/div[1]/div[2]/div[1]/div[3]/div[5]/div[2]\").should(\"have.text\", \"4\");",
              "err": {},
              "uuid": "6b5e554a-4323-4ba4-b4ff-5e4b16d16822",
              "parentUUID": "289178a9-70d7-42bb-aeac-e0229385638d",
              "isHook": false,
              "skipped": false
            },
            {
              "title": "Verify user able to see product detail after clicking tour list",
              "fullTitle": "Verify 'Cart' page functionalities Verify user able to see product detail after clicking tour list",
              "timedOut": null,
              "duration": 158,
              "state": "passed",
              "speed": "fast",
              "pass": true,
              "fail": false,
              "pending": false,
              "context": null,
              "code": "// 1. Go to Tamice.com\n// 2. Hove over 'Package Tour' from the navigation bar\n// 3. Click 'NY Big Apple Pass'\n// 4. Add products\n// 5. Go to 'Cart' page\n// 6. Click tour list\n// 7. Verify user able to see product detail",
              "err": {},
              "uuid": "f060bfd4-8b3a-42f5-8953-e2c0330864e1",
              "parentUUID": "289178a9-70d7-42bb-aeac-e0229385638d",
              "isHook": false,
              "skipped": false
            },
            {
              "title": "Verify user able to continue checkout",
              "fullTitle": "Verify 'Cart' page functionalities Verify user able to continue checkout",
              "timedOut": null,
              "duration": 102,
              "state": "passed",
              "speed": "fast",
              "pass": true,
              "fail": false,
              "pending": false,
              "context": null,
              "code": "// 1. Go to Tamice.com\n// 2. Hove over 'Package Tour' from the navigation bar\n// 3. Click 'NY Big Apple Pass'\n// 4. Add products\n// 5. Go to 'Cart' page\n// 6. Click Proceed Checkout",
              "err": {},
              "uuid": "d2791147-6396-42ec-88b7-0438f82037bf",
              "parentUUID": "289178a9-70d7-42bb-aeac-e0229385638d",
              "isHook": false,
              "skipped": false
            },
            {
              "title": "Verify user able to checkout as guest",
              "fullTitle": "Verify 'Cart' page functionalities Verify user able to checkout as guest",
              "timedOut": null,
              "duration": 34,
              "state": "passed",
              "speed": "fast",
              "pass": true,
              "fail": false,
              "pending": false,
              "context": null,
              "code": "// 1. Go to Tamice.com\n// 2. Hove over 'Package Tour' from the navigation bar\n// 3. Click 'NY Big Apple Pass'\n// 4. Add products\n// 5. Go to Cart Page\n// 6. Click 'Proceed Checkout' button\n// 7. Click 'Guest Checkout' button\n// 8. Click 'Proceed Checkout' button",
              "err": {},
              "uuid": "b09f46d5-2e76-496f-a477-08f436643aca",
              "parentUUID": "289178a9-70d7-42bb-aeac-e0229385638d",
              "isHook": false,
              "skipped": false
            },
            {
              "title": "Verify user able to checkout with valid credit/debit card",
              "fullTitle": "Verify 'Cart' page functionalities Verify user able to checkout with valid credit/debit card",
              "timedOut": null,
              "duration": 80,
              "state": "passed",
              "speed": "fast",
              "pass": true,
              "fail": false,
              "pending": false,
              "context": null,
              "code": "// 1. Go to Tamice.com\n// 2. Hove over 'Package Tour' from the navigation bar\n// 3. Click 'NY Big Apple Pass'\n// 4. Add products\n// 5. Go to 'Cart' page\n// 6. Click Proceed Checkout\n// 7. Click 'Login/Sign Up' button\n// 8. Type valid debit/credit card information\n// 9. Click 'Proceed Checkout' button\n// 10. Verify user able to checkout with valid credit/debit card",
              "err": {},
              "uuid": "9aee6006-410c-4af8-8443-bf4431fc6ac4",
              "parentUUID": "289178a9-70d7-42bb-aeac-e0229385638d",
              "isHook": false,
              "skipped": false
            }
          ],
          "suites": [],
          "passes": [
            "0fc12505-a983-40ae-92d0-24bf38835c3b",
            "7c3023b5-1589-4f84-aa3b-82073b80309e",
            "6b5e554a-4323-4ba4-b4ff-5e4b16d16822",
            "f060bfd4-8b3a-42f5-8953-e2c0330864e1",
            "d2791147-6396-42ec-88b7-0438f82037bf",
            "b09f46d5-2e76-496f-a477-08f436643aca",
            "9aee6006-410c-4af8-8443-bf4431fc6ac4"
          ],
          "failures": [],
          "pending": [],
          "skipped": [],
          "duration": 3526,
          "root": false,
          "rootEmpty": false,
          "_timeout": 2000
        }
      ],
      "passes": [],
      "failures": [],
      "pending": [],
      "skipped": [],
      "duration": 0,
      "root": true,
      "rootEmpty": true,
      "_timeout": 2000
    }
  ],
  "meta": {
    "mocha": {
      "version": "7.0.1"
    },
    "mochawesome": {
      "options": {
        "quiet": false,
        "reportFilename": "[status]_[datetime]_[name]-report",
        "saveHtml": false,
        "saveJson": true,
        "consoleReporter": "spec",
        "useInlineDiffs": false,
        "code": true
      },
      "version": "7.1.3"
    },
    "marge": {
      "options": {
        "code": true,
        "charts": true,
        "reportDir": "cypress/report/mochawesome-report",
        "reportFilename": "[status]_[datetime]_[name]-report",
        "timestamp": "m/d/yyyy/hTT",
        "overwrite": false,
        "html": false,
        "json": true
      },
      "version": "6.2.0"
    }
  }
}