{
  "stats": {
    "suites": 1,
    "tests": 4,
    "passes": 4,
    "pending": 0,
    "failures": 0,
    "start": "2023-03-16T22:19:56.467Z",
    "end": "2023-03-16T22:19:56.649Z",
    "duration": 182,
    "testsRegistered": 4,
    "passPercent": 100,
    "pendingPercent": 0,
    "other": 0,
    "hasOther": false,
    "skipped": 0,
    "hasSkipped": false
  },
  "results": [
    {
      "uuid": "e43a94d1-a564-46a9-a486-76b36c9a7aad",
      "title": "",
      "fullFile": "cypress/e2e/smokeTest/myaccountpageTest/myaccountpageTest.spec.js",
      "file": "cypress/e2e/smokeTest/myaccountpageTest/myaccountpageTest.spec.js",
      "beforeHooks": [],
      "afterHooks": [],
      "tests": [],
      "suites": [
        {
          "uuid": "15e7d3ff-f13d-4009-88f2-447404ec953c",
          "title": "Verify 'My Account' page functionalities",
          "fullFile": "",
          "file": "",
          "beforeHooks": [],
          "afterHooks": [],
          "tests": [
            {
              "title": "Verify user able to edit profile",
              "fullTitle": "Verify 'My Account' page functionalities Verify user able to edit profile",
              "timedOut": null,
              "duration": 41,
              "state": "passed",
              "speed": "fast",
              "pass": true,
              "fail": false,
              "pending": false,
              "context": null,
              "code": "// 1. Go to Tamice.com\n// 2. Click human icon\n// 3. Click 'My Account' button under 'My Account' list\n// 4. Click 'edit' button\n// 5. Verify user able to edit profile",
              "err": {},
              "uuid": "0b1015a7-3cec-4175-b654-ab6f9efd308e",
              "parentUUID": "15e7d3ff-f13d-4009-88f2-447404ec953c",
              "isHook": false,
              "skipped": false
            },
            {
              "title": "Verify user able to change phone number",
              "fullTitle": "Verify 'My Account' page functionalities Verify user able to change phone number",
              "timedOut": null,
              "duration": 39,
              "state": "passed",
              "speed": "fast",
              "pass": true,
              "fail": false,
              "pending": false,
              "context": null,
              "code": "// 1. Go to Tamice.com\n// 2. Click human icon\n// 3. Click 'My Account' button under 'My Account' list\n// 4. Click 'edit' button\n// 5. Type valid phone number\n// 6. Verify user able to change phone number",
              "err": {},
              "uuid": "e8de76c8-7400-480b-8daa-caf337625649",
              "parentUUID": "15e7d3ff-f13d-4009-88f2-447404ec953c",
              "isHook": false,
              "skipped": false
            },
            {
              "title": "Verify user able to change password",
              "fullTitle": "Verify 'My Account' page functionalities Verify user able to change password",
              "timedOut": null,
              "duration": 33,
              "state": "passed",
              "speed": "fast",
              "pass": true,
              "fail": false,
              "pending": false,
              "context": null,
              "code": "// 1. Go to Tamice.com\n// 2. Click human icon\n// 3. Click 'My Account' button under 'My Account' list\n// 4. Click 'edit' button\n// 5. Type valid credential\n// 6. Verify user able to change password",
              "err": {},
              "uuid": "ffed18a3-5fd2-4308-b899-1b34a941e3b3",
              "parentUUID": "15e7d3ff-f13d-4009-88f2-447404ec953c",
              "isHook": false,
              "skipped": false
            },
            {
              "title": "Verify user able to delete account",
              "fullTitle": "Verify 'My Account' page functionalities Verify user able to delete account",
              "timedOut": null,
              "duration": 32,
              "state": "passed",
              "speed": "fast",
              "pass": true,
              "fail": false,
              "pending": false,
              "context": null,
              "code": "// 1. Go to Tamice.com\n// 2. Click human icon\n// 3. Click 'My Account' button under 'My Account' list\n// 4. Click 'Delete Account'\n// 5. User land delete confirmation page\n// 6. Click 'Delete Account' button\n// 7. Verify user able to delete account",
              "err": {},
              "uuid": "14a4ee72-0251-4fe5-9952-98ce63e92a99",
              "parentUUID": "15e7d3ff-f13d-4009-88f2-447404ec953c",
              "isHook": false,
              "skipped": false
            }
          ],
          "suites": [],
          "passes": [
            "0b1015a7-3cec-4175-b654-ab6f9efd308e",
            "e8de76c8-7400-480b-8daa-caf337625649",
            "ffed18a3-5fd2-4308-b899-1b34a941e3b3",
            "14a4ee72-0251-4fe5-9952-98ce63e92a99"
          ],
          "failures": [],
          "pending": [],
          "skipped": [],
          "duration": 145,
          "root": false,
          "rootEmpty": false,
          "_timeout": 2000
        }
      ],
      "passes": [],
      "failures": [],
      "pending": [],
      "skipped": [],
      "duration": 0,
      "root": true,
      "rootEmpty": true,
      "_timeout": 2000
    }
  ],
  "meta": {
    "mocha": {
      "version": "7.0.1"
    },
    "mochawesome": {
      "options": {
        "quiet": false,
        "reportFilename": "[status]_[datetime]_[name]-report",
        "saveHtml": false,
        "saveJson": true,
        "consoleReporter": "spec",
        "useInlineDiffs": false,
        "code": true
      },
      "version": "7.1.3"
    },
    "marge": {
      "options": {
        "code": true,
        "charts": true,
        "reportDir": "cypress/report/mochawesome-report",
        "reportFilename": "[status]_[datetime]_[name]-report",
        "timestamp": "m/d/yyyy/hTT",
        "overwrite": false,
        "html": false,
        "json": true
      },
      "version": "6.2.0"
    }
  }
}