{
  "stats": {
    "suites": 1,
    "tests": 15,
    "passes": 15,
    "pending": 0,
    "failures": 0,
    "start": "2023-03-17T22:58:34.184Z",
    "end": "2023-03-17T22:58:42.257Z",
    "duration": 8073,
    "testsRegistered": 15,
    "passPercent": 100,
    "pendingPercent": 0,
    "other": 0,
    "hasOther": false,
    "skipped": 0,
    "hasSkipped": false
  },
  "results": [
    {
      "uuid": "2215a3c2-1907-4f34-b4ac-eb68ee2fcce1",
      "title": "",
      "fullFile": "cypress/e2e/smokeTest/landingpageTest/landingpageTest.spec.js",
      "file": "cypress/e2e/smokeTest/landingpageTest/landingpageTest.spec.js",
      "beforeHooks": [],
      "afterHooks": [],
      "tests": [],
      "suites": [
        {
          "uuid": "e2e82d7d-24ae-4bb6-89b2-1f4c3c66536e",
          "title": "Verify 'Landing' page functionalities",
          "fullFile": "",
          "file": "",
          "beforeHooks": [],
          "afterHooks": [],
          "tests": [
            {
              "title": "Verify 'Home' button on landing page redirected to 'Home' page",
              "fullTitle": "Verify 'Landing' page functionalities Verify 'Home' button on landing page redirected to 'Home' page",
              "timedOut": null,
              "duration": 662,
              "state": "passed",
              "speed": "fast",
              "pass": true,
              "fail": false,
              "pending": false,
              "context": null,
              "code": "//1. Go to Tamice.com\ncy.visit(Cypress.env(\"url\"));\n//2. Click Home button from the navigation bar\ncy.contains(\"Home\").click({\n  force: true\n}).should(\"have.text\", \"Home\");\n//3. Verify Home button on landing page redirect to Home page\ncy.xpath(\"/html[1]/body[1]/div[1]/div[1]/div[3]/div[1]/span[2]\").should(\"have.text\", \"Must See in New York\");",
              "err": {},
              "uuid": "de11458b-4a05-4811-b742-1876f5148e84",
              "parentUUID": "e2e82d7d-24ae-4bb6-89b2-1f4c3c66536e",
              "isHook": false,
              "skipped": false
            },
            {
              "title": "Verify 'NY Big Apple Pass' button on landing page redirected to 'NY Big Apple Pass' page",
              "fullTitle": "Verify 'Landing' page functionalities Verify 'NY Big Apple Pass' button on landing page redirected to 'NY Big Apple Pass' page",
              "timedOut": null,
              "duration": 387,
              "state": "passed",
              "speed": "fast",
              "pass": true,
              "fail": false,
              "pending": false,
              "context": null,
              "code": "//1. Go to Tamice.com\ncy.visit(Cypress.env(\"url\"));\n//2. Hover over \"Package Tour\" button\ncy.contains(\"Package Tour\").invoke(\"show\");\n// get first li from the hidden box\ncy.get(\"li\").contains(\"NY Big Apple Pass\").click({\n  force: true\n});\n//4. Verify NY Big Apple Pass button on landing page redirect to NY Big Apple Pass page\ncy.xpath(\"/html[1]/body[1]/div[1]/div[1]/div[3]/div[1]/div[3]/div[1]/span[1]\").should(\"have.text\", \"Big Apple Pass\");",
              "err": {},
              "uuid": "befe8db2-48d6-4ea5-b24a-61165246fe83",
              "parentUUID": "e2e82d7d-24ae-4bb6-89b2-1f4c3c66536e",
              "isHook": false,
              "skipped": false
            },
            {
              "title": "Verify 'Observation' button on landing page redirected to 'Observation' page",
              "fullTitle": "Verify 'Landing' page functionalities Verify 'Observation' button on landing page redirected to 'Observation' page",
              "timedOut": null,
              "duration": 284,
              "state": "passed",
              "speed": "fast",
              "pass": true,
              "fail": false,
              "pending": false,
              "context": null,
              "code": "//1. Go to Tamice.com\ncy.visit(Cypress.env(\"url\"));\n//2. Hover over \"City Attractions\" button\ncy.contains(\"City Attractions\").invoke(\"show\");\n//3. Click \"Observations\" button\ncy.get(\"li\").contains(\"Observation(Scenics)\").click({\n  force: true\n});\n//4. Verify Observations button on landing page redirect to NY Big Apple Pass page\ncy.xpath(\"/html[1]/body[1]/div[1]/div[1]/div[3]/div[1]/div[3]/div[1]/span[1]\").should(\"have.text\", \"Scenics\");",
              "err": {},
              "uuid": "cb99c7d5-7e46-455b-bad5-a0de05788f2a",
              "parentUUID": "e2e82d7d-24ae-4bb6-89b2-1f4c3c66536e",
              "isHook": false,
              "skipped": false
            },
            {
              "title": "verify 'Musicals & Shows' button on landing page redirected to 'Musicals & Shows' page",
              "fullTitle": "Verify 'Landing' page functionalities verify 'Musicals & Shows' button on landing page redirected to 'Musicals & Shows' page",
              "timedOut": null,
              "duration": 306,
              "state": "passed",
              "speed": "fast",
              "pass": true,
              "fail": false,
              "pending": false,
              "context": null,
              "code": "//1. Go to Tamice.com\ncy.visit(Cypress.env(\"url\"));\n//2. Click \"Musicals & Shows\"\ncy.contains(\"Musicals & Shows\").click({\n  force: true\n});\n//3. Verify Observations button on landing page redirect to NY Big Apple Pass page\ncy.xpath(\"/html[1]/body[1]/div[1]/div[1]/div[3]/div[1]/div[3]/div[1]/span[1]\").should(\"have.text\", \"Broadway Musicals / Shows\");",
              "err": {},
              "uuid": "2dcdb15c-2caa-465b-b213-d39f2303eaa7",
              "parentUUID": "e2e82d7d-24ae-4bb6-89b2-1f4c3c66536e",
              "isHook": false,
              "skipped": false
            },
            {
              "title": "Verify '여행정보' button on landing page redirected to '여행정보' page",
              "fullTitle": "Verify 'Landing' page functionalities Verify '여행정보' button on landing page redirected to '여행정보' page",
              "timedOut": null,
              "duration": 124,
              "state": "passed",
              "speed": "fast",
              "pass": true,
              "fail": false,
              "pending": false,
              "context": null,
              "code": "// 1. Go to Tamice.com\n// 2. Click '여행정보' button",
              "err": {},
              "uuid": "4cc980aa-7946-4960-b886-b4741d5cd30e",
              "parentUUID": "e2e82d7d-24ae-4bb6-89b2-1f4c3c66536e",
              "isHook": false,
              "skipped": false
            },
            {
              "title": "Verify 'About Us' button on landing page redirected to 'About Us' page",
              "fullTitle": "Verify 'Landing' page functionalities Verify 'About Us' button on landing page redirected to 'About Us' page",
              "timedOut": null,
              "duration": 341,
              "state": "passed",
              "speed": "fast",
              "pass": true,
              "fail": false,
              "pending": false,
              "context": null,
              "code": "//1. Go to Tamice.com\ncy.visit(Cypress.env(\"url\"));\n//2. Click \"About Us\"\ncy.contains(\"About Us\").click();\n//3. Verify Observations button on landing page redirect to NY Big Apple Pass page\ncy.xpath(\"/html[1]/body[1]/div[1]/div[1]/div[3]/div[1]/div[2]/span[1]\").should(\"have.text\", \"Why Tour With Us?\");",
              "err": {},
              "uuid": "c0401292-63ac-4367-941e-64981953b7af",
              "parentUUID": "e2e82d7d-24ae-4bb6-89b2-1f4c3c66536e",
              "isHook": false,
              "skipped": false
            },
            {
              "title": "Verify 'Guide Tour' button on landing page redirected to 'Guide Tour' page",
              "fullTitle": "Verify 'Landing' page functionalities Verify 'Guide Tour' button on landing page redirected to 'Guide Tour' page",
              "timedOut": null,
              "duration": 306,
              "state": "passed",
              "speed": "fast",
              "pass": true,
              "fail": false,
              "pending": false,
              "context": null,
              "code": "//1. Go to Tamice.com\ncy.visit(Cypress.env(\"url\"));\n//2. Hover over \"Guid Tour\"\ncy.xpath(\"/html[1]/body[1]/div[1]/div[1]/div[1]/div[2]/div[2]/button[4]\").contains(\"Manhattan Day Tour\").click({\n  force: true\n});\n//3. Click \"Manhattan Day Tour\" button\n//4. Verify Observations button on landing page redirect to NY Big Apple Pass page\ncy.xpath(\"/html[1]/body[1]/div[1]/div[1]/div[3]/div[1]/div[3]/div[1]/span[1]\").should(\"have.text\", \"Manhattan day\");",
              "err": {},
              "uuid": "6460200d-15b2-4b48-9143-09748bf7dfd5",
              "parentUUID": "e2e82d7d-24ae-4bb6-89b2-1f4c3c66536e",
              "isHook": false,
              "skipped": false
            },
            {
              "title": "Verify 'Cart' button on landing page redirected to 'Cart' page",
              "fullTitle": "Verify 'Landing' page functionalities Verify 'Cart' button on landing page redirected to 'Cart' page",
              "timedOut": null,
              "duration": 494,
              "state": "passed",
              "speed": "fast",
              "pass": true,
              "fail": false,
              "pending": false,
              "context": null,
              "code": "//1. Go to Tamice.com\ncy.visit(Cypress.env(\"url\"));\n//2. Click 'Cart' button\ncy.contains(\"Cart\").click();\n//3. Verify user redirected to 'Cart'page",
              "err": {},
              "uuid": "66c4de36-5799-4e67-ad58-2fc5eea7a950",
              "parentUUID": "e2e82d7d-24ae-4bb6-89b2-1f4c3c66536e",
              "isHook": false,
              "skipped": false
            },
            {
              "title": "Verify 'Login' button on landing page redirected to 'Login' page",
              "fullTitle": "Verify 'Landing' page functionalities Verify 'Login' button on landing page redirected to 'Login' page",
              "timedOut": null,
              "duration": 706,
              "state": "passed",
              "speed": "fast",
              "pass": true,
              "fail": false,
              "pending": false,
              "context": null,
              "code": "//1. Go to Tamice.com\ncy.visit(Cypress.env(\"url\"));\n//2. Click 'Login' button\ncy.contains(\"Login\").click();\n//3. Verify user redirected to 'Login'page\ncy.url().should(\"include\", \"user/log-in\");",
              "err": {},
              "uuid": "ed774e85-a327-44ea-8018-cb4588f6c121",
              "parentUUID": "e2e82d7d-24ae-4bb6-89b2-1f4c3c66536e",
              "isHook": false,
              "skipped": false
            },
            {
              "title": "Verify 'Sign Up' button on landing page redirected to 'Sign Up' page",
              "fullTitle": "Verify 'Landing' page functionalities Verify 'Sign Up' button on landing page redirected to 'Sign Up' page",
              "timedOut": null,
              "duration": 699,
              "state": "passed",
              "speed": "fast",
              "pass": true,
              "fail": false,
              "pending": false,
              "context": null,
              "code": "//1. Go to Tamice.com\ncy.visit(Cypress.env(\"url\"));\n//2. Click 'Sign up' button\ncy.contains(\"Sign Up\").click();\n//3. Verify user redirected to 'Sign up'page\ncy.url().should(\"include\", \"user/sign-up\");",
              "err": {},
              "uuid": "37f86b8f-2b72-4a94-bd18-558368369c49",
              "parentUUID": "e2e82d7d-24ae-4bb6-89b2-1f4c3c66536e",
              "isHook": false,
              "skipped": false
            },
            {
              "title": "Verify 'Logo' button on landing page redirected to 'Logo' page",
              "fullTitle": "Verify 'Landing' page functionalities Verify 'Logo' button on landing page redirected to 'Logo' page",
              "timedOut": null,
              "duration": 473,
              "state": "passed",
              "speed": "fast",
              "pass": true,
              "fail": false,
              "pending": false,
              "context": null,
              "code": "//1. Go to Tamice.com\ncy.visit(Cypress.env(\"url\"));\n//2. Click Tamice.com logo button\ncy.get(\"img[alt='Tamice logo']\").first().click({\n  force: true\n});\n//3. Verify user redirected to 'Sign up'page\ncy.url().should(\"eq\", \"https://thernlovendev.github.io/ticket-site/#/\");",
              "err": {},
              "uuid": "4aeef0fa-dfbf-4823-9146-fbf77d4d3c4b",
              "parentUUID": "e2e82d7d-24ae-4bb6-89b2-1f4c3c66536e",
              "isHook": false,
              "skipped": false
            },
            {
              "title": "Verify 'Contact Us' button on navigation page redirected to 'Contact Us' page",
              "fullTitle": "Verify 'Landing' page functionalities Verify 'Contact Us' button on navigation page redirected to 'Contact Us' page",
              "timedOut": null,
              "duration": 524,
              "state": "passed",
              "speed": "fast",
              "pass": true,
              "fail": false,
              "pending": false,
              "context": null,
              "code": "//1. Go to Tamice.com\ncy.visit(Cypress.env(\"url\"));\n//2. Click \"Contact Us\"\ncy.contains(\"Contact Us\").click();\n//3. Verify Observations button on landing page redirect to NY Big Apple Pass page\ncy.xpath(\"//html[1]/body[1]/div[1]/div[1]/div[3]/div[1]/div[2]/span[1]\").should(\"have.text\", \"Contact Us\");\ncy.url().should(\"include\", \"/contact\");",
              "err": {},
              "uuid": "e9f27188-c053-44d8-a5b3-988b3e49cb33",
              "parentUUID": "e2e82d7d-24ae-4bb6-89b2-1f4c3c66536e",
              "isHook": false,
              "skipped": false
            },
            {
              "title": "Verify user able to land 'My Bookings' page after click 'My booking' button under 'My Account' list",
              "fullTitle": "Verify 'Landing' page functionalities Verify user able to land 'My Bookings' page after click 'My booking' button under 'My Account' list",
              "timedOut": null,
              "duration": 1012,
              "state": "passed",
              "speed": "fast",
              "pass": true,
              "fail": false,
              "pending": false,
              "context": null,
              "code": "// 1. Go to Tamice.com\ncy.visit(Cypress.env(\"url\"));\n// 2. Click human icon\ncy.get(\"img[alt='/ticket-site/assets/icons/profile.svg']\").click();\n// 3. Click 'My booking' button under 'My Account' list\ncy.xpath('/html[1]/body[1]/div[1]/div[1]/div[1]/div[2]/div[1]/div[1]/div[1]').contains('My Account').click();\n// 4. Verify user able to land 'My Bookings' page after click 'My Booking' button under 'My Account' lists\ncy.url().should(\"eq\", \"https://thernlovendev.github.io/ticket-site/#/user/my-account\");",
              "err": {},
              "uuid": "73db2c8b-2832-4039-8be0-b1d307380597",
              "parentUUID": "e2e82d7d-24ae-4bb6-89b2-1f4c3c66536e",
              "isHook": false,
              "skipped": false
            },
            {
              "title": "Verify user able to land 'My Account' page after click 'My Account' button",
              "fullTitle": "Verify 'Landing' page functionalities Verify user able to land 'My Account' page after click 'My Account' button",
              "timedOut": null,
              "duration": 77,
              "state": "passed",
              "speed": "fast",
              "pass": true,
              "fail": false,
              "pending": false,
              "context": null,
              "code": "// 1. Go to Tamice.com\n// 2. Click human icon\n// 3. Click 'My booking' button under 'My Account' list\n// 4. Verify user able to land 'My Account' page after click 'My Account' link",
              "err": {},
              "uuid": "9d5710e9-af63-4c8e-8ce4-3c1cee3a23f0",
              "parentUUID": "e2e82d7d-24ae-4bb6-89b2-1f4c3c66536e",
              "isHook": false,
              "skipped": false
            },
            {
              "title": "Verify sign out functionality",
              "fullTitle": "Verify 'Landing' page functionalities Verify sign out functionality",
              "timedOut": null,
              "duration": 49,
              "state": "passed",
              "speed": "fast",
              "pass": true,
              "fail": false,
              "pending": false,
              "context": null,
              "code": "// 1. Go to Tamice.com\n// 2. Click 'Login/Sign up' button\n// 3. Type valid credential\n// 4. Click 'Login' button\n// 5. Click human icon button\n// 6. Click 'Sign out' button s",
              "err": {},
              "uuid": "406f431a-19df-4754-ad84-27041efd0d15",
              "parentUUID": "e2e82d7d-24ae-4bb6-89b2-1f4c3c66536e",
              "isHook": false,
              "skipped": false
            }
          ],
          "suites": [],
          "passes": [
            "de11458b-4a05-4811-b742-1876f5148e84",
            "befe8db2-48d6-4ea5-b24a-61165246fe83",
            "cb99c7d5-7e46-455b-bad5-a0de05788f2a",
            "2dcdb15c-2caa-465b-b213-d39f2303eaa7",
            "4cc980aa-7946-4960-b886-b4741d5cd30e",
            "c0401292-63ac-4367-941e-64981953b7af",
            "6460200d-15b2-4b48-9143-09748bf7dfd5",
            "66c4de36-5799-4e67-ad58-2fc5eea7a950",
            "ed774e85-a327-44ea-8018-cb4588f6c121",
            "37f86b8f-2b72-4a94-bd18-558368369c49",
            "4aeef0fa-dfbf-4823-9146-fbf77d4d3c4b",
            "e9f27188-c053-44d8-a5b3-988b3e49cb33",
            "73db2c8b-2832-4039-8be0-b1d307380597",
            "9d5710e9-af63-4c8e-8ce4-3c1cee3a23f0",
            "406f431a-19df-4754-ad84-27041efd0d15"
          ],
          "failures": [],
          "pending": [],
          "skipped": [],
          "duration": 6444,
          "root": false,
          "rootEmpty": false,
          "_timeout": 2000
        }
      ],
      "passes": [],
      "failures": [],
      "pending": [],
      "skipped": [],
      "duration": 0,
      "root": true,
      "rootEmpty": true,
      "_timeout": 2000
    }
  ],
  "meta": {
    "mocha": {
      "version": "7.0.1"
    },
    "mochawesome": {
      "options": {
        "quiet": false,
        "reportFilename": "[status]_[datetime]_[name]-report",
        "saveHtml": false,
        "saveJson": true,
        "consoleReporter": "spec",
        "useInlineDiffs": false,
        "code": true
      },
      "version": "7.1.3"
    },
    "marge": {
      "options": {
        "code": true,
        "charts": true,
        "reportDir": "cypress/report/mochawesome-report",
        "reportFilename": "[status]_[datetime]_[name]-report",
        "timestamp": "m/d/yyyy/hTT",
        "overwrite": false,
        "html": false,
        "json": true
      },
      "version": "6.2.0"
    }
  }
}