{
  "stats": {
    "suites": 1,
    "tests": 7,
    "passes": 7,
    "pending": 0,
    "failures": 0,
    "start": "2023-03-17T00:56:27.766Z",
    "end": "2023-03-17T00:56:32.461Z",
    "duration": 4695,
    "testsRegistered": 7,
    "passPercent": 100,
    "pendingPercent": 0,
    "other": 0,
    "hasOther": false,
    "skipped": 0,
    "hasSkipped": false
  },
  "results": [
    {
      "uuid": "5a50c45f-97d3-4fda-8d54-22956a4f76d9",
      "title": "",
      "fullFile": "cypress/e2e/smokeTest/cartpageTest/cartpageTest.spec.js",
      "file": "cypress/e2e/smokeTest/cartpageTest/cartpageTest.spec.js",
      "beforeHooks": [],
      "afterHooks": [],
      "tests": [],
      "suites": [
        {
          "uuid": "a44d48da-5935-4b1f-89d3-c7411d9f04d0",
          "title": "Verify 'Cart' page functionalities",
          "fullFile": "",
          "file": "",
          "beforeHooks": [],
          "afterHooks": [],
          "tests": [
            {
              "title": "Verify user able to add product in the cart",
              "fullTitle": "Verify 'Cart' page functionalities Verify user able to add product in the cart",
              "timedOut": null,
              "duration": 104,
              "state": "passed",
              "speed": "fast",
              "pass": true,
              "fail": false,
              "pending": false,
              "context": null,
              "code": "// 1. Go to Tamice.com\n// 2. Hove over 'Package Tour' from the navigation bar\n// 3. Click 'NY Big Apple Pass'\n// 4. Add products\n// 5. Go to 'Cart' page\n// 6. Verify product is in the 'Cart' page",
              "err": {},
              "uuid": "22f8abcd-2457-4e8e-b4b7-92363a7662af",
              "parentUUID": "a44d48da-5935-4b1f-89d3-c7411d9f04d0",
              "isHook": false,
              "skipped": false
            },
            {
              "title": "User able to subtract product quantity from the '티켓구입' field",
              "fullTitle": "Verify 'Cart' page functionalities User able to subtract product quantity from the '티켓구입' field",
              "timedOut": null,
              "duration": 1587,
              "state": "passed",
              "speed": "fast",
              "pass": true,
              "fail": false,
              "pending": false,
              "context": null,
              "code": "//1. Go to Tamice.com\ncy.visit(Cypress.env(\"url\"));\n//2. Hove over \"Package Tour\" from the navigation bar\ncy.contains(\"Package Tour\").invoke(\"show\").should(\"be.visible\");\n//3. Get first li 'NY Big Apple Pass' from the hidden box\ncy.get(\"li\").first().should(\"have.text\", \"NY Big Apple Pass\").click({\n  force: true\n});\n//4. Go to \"티켓구입\" box and click \"+\" button two times\nfor (let n = 1; n < 3; n++) {\n  cy.xpath(\"/html[1]/body[1]/div[1]/div[1]/div[3]/div[1]/div[3]/div[1]/div[1]/div[2]/div[1]/div[3]/div[5]/div[2]/img[2]\").click();\n}\n//5. Check quantity equals to 3\ncy.xpath(\"/html[1]/body[1]/div[1]/div[1]/div[3]/div[1]/div[3]/div[1]/div[1]/div[2]/div[1]/div[3]/div[5]/div[2]\").should(\"have.text\", \"3\");\n//6. Click \"2\" button until 1\ncy.xpath(\"/html[1]/body[1]/div[1]/div[1]/div[3]/div[1]/div[3]/div[1]/div[1]/div[2]/div[1]/div[3]/div[5]/div[2]/img[1]\").click();\ncy.xpath(\"/html[1]/body[1]/div[1]/div[1]/div[3]/div[1]/div[3]/div[1]/div[1]/div[2]/div[1]/div[3]/div[5]/div[2]/img[1]\").click();\n//7. Check quantity equals to 1\ncy.xpath(\"/html[1]/body[1]/div[1]/div[1]/div[3]/div[1]/div[3]/div[1]/div[1]/div[2]/div[1]/div[3]/div[5]/div[2]\").should(\"have.text\", \"1\");",
              "err": {},
              "uuid": "80c4c2c8-6379-4e39-9da0-ff9a6e8355c3",
              "parentUUID": "a44d48da-5935-4b1f-89d3-c7411d9f04d0",
              "isHook": false,
              "skipped": false
            },
            {
              "title": "User able to add product quantity from the '티켓구입' field",
              "fullTitle": "Verify 'Cart' page functionalities User able to add product quantity from the '티켓구입' field",
              "timedOut": null,
              "duration": 1138,
              "state": "passed",
              "speed": "fast",
              "pass": true,
              "fail": false,
              "pending": false,
              "context": null,
              "code": "// 1. Go to Tamice.com\ncy.visit(Cypress.env(\"url\"));\n// 2. Hove over 'Package Tour' from the navigation bar\ncy.contains(\"Package Tour\").invoke(\"show\").should(\"be.visible\");\n// 3. Get first li 'NY Big Apple Pass' from the hidden box\ncy.get(\"li\").first().should(\"have.text\", \"NY Big Apple Pass\").click({\n  force: true\n});\n// 4. Click '+' button until 4\nfor (let n = 1; n < 4; n++) {\n  cy.xpath(\"/html[1]/body[1]/div[1]/div[1]/div[3]/div[1]/div[3]/div[1]/div[1]/div[2]/div[1]/div[3]/div[5]/div[2]/img[2]\").click();\n}\n// 5. Check quantity equals to 4\ncy.xpath(\"/html[1]/body[1]/div[1]/div[1]/div[3]/div[1]/div[3]/div[1]/div[1]/div[2]/div[1]/div[3]/div[5]/div[2]\").should(\"have.text\", \"4\");",
              "err": {},
              "uuid": "087bc46b-564e-4f5b-ab72-47b38cebe941",
              "parentUUID": "a44d48da-5935-4b1f-89d3-c7411d9f04d0",
              "isHook": false,
              "skipped": false
            },
            {
              "title": "Verify user able to see product detail after clicking tour list",
              "fullTitle": "Verify 'Cart' page functionalities Verify user able to see product detail after clicking tour list",
              "timedOut": null,
              "duration": 44,
              "state": "passed",
              "speed": "fast",
              "pass": true,
              "fail": false,
              "pending": false,
              "context": null,
              "code": "// 1. Go to Tamice.com\n// 2. Hove over 'Package Tour' from the navigation bar\n// 3. Click 'NY Big Apple Pass'\n// 4. Add products\n// 5. Go to 'Cart' page\n// 6. Click tour list\n// 7. Verify user able to see product detail",
              "err": {},
              "uuid": "b47c4941-b402-4c24-9024-b35c9c5345d8",
              "parentUUID": "a44d48da-5935-4b1f-89d3-c7411d9f04d0",
              "isHook": false,
              "skipped": false
            },
            {
              "title": "Verify user able to continue checkout",
              "fullTitle": "Verify 'Cart' page functionalities Verify user able to continue checkout",
              "timedOut": null,
              "duration": 52,
              "state": "passed",
              "speed": "fast",
              "pass": true,
              "fail": false,
              "pending": false,
              "context": null,
              "code": "// 1. Go to Tamice.com\n// 2. Hove over 'Package Tour' from the navigation bar\n// 3. Click 'NY Big Apple Pass'\n// 4. Add products\n// 5. Go to 'Cart' page\n// 6. Click Proceed Checkout",
              "err": {},
              "uuid": "8c505cab-99af-41bd-b336-4746ac4fd7de",
              "parentUUID": "a44d48da-5935-4b1f-89d3-c7411d9f04d0",
              "isHook": false,
              "skipped": false
            },
            {
              "title": "Verify user able to checkout as guest",
              "fullTitle": "Verify 'Cart' page functionalities Verify user able to checkout as guest",
              "timedOut": null,
              "duration": 65,
              "state": "passed",
              "speed": "fast",
              "pass": true,
              "fail": false,
              "pending": false,
              "context": null,
              "code": "// 1. Go to Tamice.com\n// 2. Hove over 'Package Tour' from the navigation bar\n// 3. Click 'NY Big Apple Pass'\n// 4. Add products\n// 5. Go to Cart Page\n// 6. Click 'Proceed Checkout' button\n// 7. Click 'Guest Checkout' button\n// 8. Click 'Proceed Checkout' button",
              "err": {},
              "uuid": "b36b0e63-b14d-4591-adc5-2b0e80719e3f",
              "parentUUID": "a44d48da-5935-4b1f-89d3-c7411d9f04d0",
              "isHook": false,
              "skipped": false
            },
            {
              "title": "Verify user able to checkout with valid credit/debit card",
              "fullTitle": "Verify 'Cart' page functionalities Verify user able to checkout with valid credit/debit card",
              "timedOut": null,
              "duration": 53,
              "state": "passed",
              "speed": "fast",
              "pass": true,
              "fail": false,
              "pending": false,
              "context": null,
              "code": "// 1. Go to Tamice.com\n// 2. Hove over 'Package Tour' from the navigation bar\n// 3. Click 'NY Big Apple Pass'\n// 4. Add products\n// 5. Go to 'Cart' page\n// 6. Click Proceed Checkout\n// 7. Click 'Login/Sign Up' button\n// 8. Type valid debit/credit card information\n// 9. Click 'Proceed Checkout' button\n// 10. Verify user able to checkout with valid credit/debit card",
              "err": {},
              "uuid": "808a627b-5610-4457-b268-903db1621274",
              "parentUUID": "a44d48da-5935-4b1f-89d3-c7411d9f04d0",
              "isHook": false,
              "skipped": false
            }
          ],
          "suites": [],
          "passes": [
            "22f8abcd-2457-4e8e-b4b7-92363a7662af",
            "80c4c2c8-6379-4e39-9da0-ff9a6e8355c3",
            "087bc46b-564e-4f5b-ab72-47b38cebe941",
            "b47c4941-b402-4c24-9024-b35c9c5345d8",
            "8c505cab-99af-41bd-b336-4746ac4fd7de",
            "b36b0e63-b14d-4591-adc5-2b0e80719e3f",
            "808a627b-5610-4457-b268-903db1621274"
          ],
          "failures": [],
          "pending": [],
          "skipped": [],
          "duration": 3043,
          "root": false,
          "rootEmpty": false,
          "_timeout": 2000
        }
      ],
      "passes": [],
      "failures": [],
      "pending": [],
      "skipped": [],
      "duration": 0,
      "root": true,
      "rootEmpty": true,
      "_timeout": 2000
    }
  ],
  "meta": {
    "mocha": {
      "version": "7.0.1"
    },
    "mochawesome": {
      "options": {
        "quiet": false,
        "reportFilename": "[status]_[datetime]_[name]-report",
        "saveHtml": false,
        "saveJson": true,
        "consoleReporter": "spec",
        "useInlineDiffs": false,
        "code": true
      },
      "version": "7.1.3"
    },
    "marge": {
      "options": {
        "code": true,
        "charts": true,
        "reportDir": "cypress/report/mochawesome-report",
        "reportFilename": "[status]_[datetime]_[name]-report",
        "timestamp": "m/d/yyyy/hTT",
        "overwrite": false,
        "html": false,
        "json": true
      },
      "version": "6.2.0"
    }
  }
}