{
  "stats": {
    "suites": 1,
    "tests": 15,
    "passes": 15,
    "pending": 0,
    "failures": 0,
    "start": "2023-03-17T00:56:05.459Z",
    "end": "2023-03-17T00:56:15.682Z",
    "duration": 10223,
    "testsRegistered": 15,
    "passPercent": 100,
    "pendingPercent": 0,
    "other": 0,
    "hasOther": false,
    "skipped": 0,
    "hasSkipped": false
  },
  "results": [
    {
      "uuid": "c4919e53-1354-402a-9f15-f1e55716cfda",
      "title": "",
      "fullFile": "cypress/e2e/smokeTest/landingpageTest/landingpageTest.spec.js",
      "file": "cypress/e2e/smokeTest/landingpageTest/landingpageTest.spec.js",
      "beforeHooks": [],
      "afterHooks": [],
      "tests": [],
      "suites": [
        {
          "uuid": "ab774230-cc90-435f-b505-d5bd38f58f0c",
          "title": "Verify 'Landing' page functionalities",
          "fullFile": "",
          "file": "",
          "beforeHooks": [],
          "afterHooks": [],
          "tests": [
            {
              "title": "Verify 'Home' button on landing page redirected to 'Home' page",
              "fullTitle": "Verify 'Landing' page functionalities Verify 'Home' button on landing page redirected to 'Home' page",
              "timedOut": null,
              "duration": 864,
              "state": "passed",
              "speed": "fast",
              "pass": true,
              "fail": false,
              "pending": false,
              "context": null,
              "code": "//1. Go to Tamice.com\ncy.visit(Cypress.env(\"url\"));\n//2. Click Home button from the navigation bar\ncy.contains(\"Home\").click({\n  force: true\n}).should(\"have.text\", \"Home\");\n//3. Verify Home button on landing page redirect to Home page\ncy.xpath(\"/html[1]/body[1]/div[1]/div[1]/div[3]/div[1]/span[2]\").should(\"have.text\", \"Must See in New York\");",
              "err": {},
              "uuid": "73b70951-9674-4ef7-8a9c-e3eeda5792a4",
              "parentUUID": "ab774230-cc90-435f-b505-d5bd38f58f0c",
              "isHook": false,
              "skipped": false
            },
            {
              "title": "Verify 'NY Big Apple Pass' button on landing page redirected to 'NY Big Apple Pass' page",
              "fullTitle": "Verify 'Landing' page functionalities Verify 'NY Big Apple Pass' button on landing page redirected to 'NY Big Apple Pass' page",
              "timedOut": null,
              "duration": 414,
              "state": "passed",
              "speed": "fast",
              "pass": true,
              "fail": false,
              "pending": false,
              "context": null,
              "code": "//1. Go to Tamice.com\ncy.visit(Cypress.env(\"url\"));\n//2. Hover over \"Package Tour\" button\ncy.contains(\"Package Tour\").invoke(\"show\");\n// get first li from the hidden box\ncy.get(\"li\").contains(\"NY Big Apple Pass\").click({\n  force: true\n});\n//4. Verify NY Big Apple Pass button on landing page redirect to NY Big Apple Pass page\ncy.xpath(\"/html[1]/body[1]/div[1]/div[1]/div[3]/div[1]/div[3]/div[1]/span[1]\").should(\"have.text\", \"Big Apple Pass\");",
              "err": {},
              "uuid": "486214e1-fce9-45f8-9c58-2ccb4d7ba3f6",
              "parentUUID": "ab774230-cc90-435f-b505-d5bd38f58f0c",
              "isHook": false,
              "skipped": false
            },
            {
              "title": "Verify 'Observation' button on landing page redirected to 'Observation' page",
              "fullTitle": "Verify 'Landing' page functionalities Verify 'Observation' button on landing page redirected to 'Observation' page",
              "timedOut": null,
              "duration": 440,
              "state": "passed",
              "speed": "fast",
              "pass": true,
              "fail": false,
              "pending": false,
              "context": null,
              "code": "//1. Go to Tamice.com\ncy.visit(Cypress.env(\"url\"));\n//2. Hover over \"City Attractions\" button\ncy.contains(\"City Attractions\").invoke(\"show\");\n//3. Click \"Observations\" button\ncy.get(\"li\").contains(\"Observation(Scenics)\").click({\n  force: true\n});\n//4. Verify Observations button on landing page redirect to NY Big Apple Pass page\ncy.xpath(\"/html[1]/body[1]/div[1]/div[1]/div[3]/div[1]/div[3]/div[1]/span[1]\").should(\"have.text\", \"Scenics\");",
              "err": {},
              "uuid": "84497ec1-32e1-43e4-b676-79c9360ad6d8",
              "parentUUID": "ab774230-cc90-435f-b505-d5bd38f58f0c",
              "isHook": false,
              "skipped": false
            },
            {
              "title": "verify 'Musicals & Shows' button on landing page redirected to 'Musicals & Shows' page",
              "fullTitle": "Verify 'Landing' page functionalities verify 'Musicals & Shows' button on landing page redirected to 'Musicals & Shows' page",
              "timedOut": null,
              "duration": 489,
              "state": "passed",
              "speed": "fast",
              "pass": true,
              "fail": false,
              "pending": false,
              "context": null,
              "code": "//1. Go to Tamice.com\ncy.visit(Cypress.env(\"url\"));\n//2. Click \"Musicals & Shows\"\ncy.contains(\"Musicals & Shows\").click({\n  force: true\n});\n//3. Verify Observations button on landing page redirect to NY Big Apple Pass page\ncy.xpath(\"/html[1]/body[1]/div[1]/div[1]/div[3]/div[1]/div[3]/div[1]/span[1]\").should(\"have.text\", \"Broadway Musicals / Shows\");",
              "err": {},
              "uuid": "fafe1fb6-49e7-4982-a43f-a037506edbe2",
              "parentUUID": "ab774230-cc90-435f-b505-d5bd38f58f0c",
              "isHook": false,
              "skipped": false
            },
            {
              "title": "Verify '여행정보' button on landing page redirected to '여행정보' page",
              "fullTitle": "Verify 'Landing' page functionalities Verify '여행정보' button on landing page redirected to '여행정보' page",
              "timedOut": null,
              "duration": 109,
              "state": "passed",
              "speed": "fast",
              "pass": true,
              "fail": false,
              "pending": false,
              "context": null,
              "code": "// 1. Go to Tamice.com\n// 2. Click '여행정보' button",
              "err": {},
              "uuid": "ffc1d9a7-1c89-4cc8-9b57-0c1cdfa07508",
              "parentUUID": "ab774230-cc90-435f-b505-d5bd38f58f0c",
              "isHook": false,
              "skipped": false
            },
            {
              "title": "Verify 'About Us' button on landing page redirected to 'About Us' page",
              "fullTitle": "Verify 'Landing' page functionalities Verify 'About Us' button on landing page redirected to 'About Us' page",
              "timedOut": null,
              "duration": 514,
              "state": "passed",
              "speed": "fast",
              "pass": true,
              "fail": false,
              "pending": false,
              "context": null,
              "code": "//1. Go to Tamice.com\ncy.visit(Cypress.env(\"url\"));\n//2. Click \"About Us\"\ncy.contains(\"About Us\").click();\n//3. Verify Observations button on landing page redirect to NY Big Apple Pass page\ncy.xpath(\"/html[1]/body[1]/div[1]/div[1]/div[3]/div[1]/div[2]/span[1]\").should(\"have.text\", \"Why Tour With Us?\");",
              "err": {},
              "uuid": "3bdda2aa-83ae-4b25-b7ca-32be9efb326a",
              "parentUUID": "ab774230-cc90-435f-b505-d5bd38f58f0c",
              "isHook": false,
              "skipped": false
            },
            {
              "title": "Verify 'Guide Tour' button on landing page redirected to 'Guide Tour' page",
              "fullTitle": "Verify 'Landing' page functionalities Verify 'Guide Tour' button on landing page redirected to 'Guide Tour' page",
              "timedOut": null,
              "duration": 619,
              "state": "passed",
              "speed": "fast",
              "pass": true,
              "fail": false,
              "pending": false,
              "context": null,
              "code": "//1. Go to Tamice.com\ncy.visit(Cypress.env(\"url\"));\n//2. Hover over \"Guid Tour\"\ncy.xpath(\"/html[1]/body[1]/div[1]/div[1]/div[1]/div[2]/div[2]/button[4]\").contains(\"Manhattan Day Tour\").click({\n  force: true\n});\n//3. Click \"Manhattan Day Tour\" button\n//4. Verify Observations button on landing page redirect to NY Big Apple Pass page\ncy.xpath(\"/html[1]/body[1]/div[1]/div[1]/div[3]/div[1]/div[3]/div[1]/span[1]\").should(\"have.text\", \"Manhattan day\");",
              "err": {},
              "uuid": "5f170c45-645f-41ea-be4e-071121bd548f",
              "parentUUID": "ab774230-cc90-435f-b505-d5bd38f58f0c",
              "isHook": false,
              "skipped": false
            },
            {
              "title": "Verify 'Cart' button on landing page redirected to 'Cart' page",
              "fullTitle": "Verify 'Landing' page functionalities Verify 'Cart' button on landing page redirected to 'Cart' page",
              "timedOut": null,
              "duration": 1070,
              "state": "passed",
              "speed": "fast",
              "pass": true,
              "fail": false,
              "pending": false,
              "context": null,
              "code": "//1. Go to Tamice.com\ncy.visit(Cypress.env(\"url\"));\n//2. Click 'Cart' button\ncy.contains(\"Cart\").click();\n//3. Verify user redirected to 'Cart'page",
              "err": {},
              "uuid": "e35a95b5-51b1-4be3-a456-4ae4f28cdf18",
              "parentUUID": "ab774230-cc90-435f-b505-d5bd38f58f0c",
              "isHook": false,
              "skipped": false
            },
            {
              "title": "Verify 'Login' button on landing page redirected to 'Login' page",
              "fullTitle": "Verify 'Landing' page functionalities Verify 'Login' button on landing page redirected to 'Login' page",
              "timedOut": null,
              "duration": 1231,
              "state": "passed",
              "speed": "fast",
              "pass": true,
              "fail": false,
              "pending": false,
              "context": null,
              "code": "//1. Go to Tamice.com\ncy.visit(Cypress.env(\"url\"));\n//2. Click 'Login' button\ncy.contains(\"Login\").click();\n//3. Verify user redirected to 'Login'page\ncy.url().should(\"include\", \"user/log-in\");",
              "err": {},
              "uuid": "ca3a0b37-c815-4852-8dff-2df4182e6ec8",
              "parentUUID": "ab774230-cc90-435f-b505-d5bd38f58f0c",
              "isHook": false,
              "skipped": false
            },
            {
              "title": "Verify 'Sign Up' button on landing page redirected to 'Sign Up' page",
              "fullTitle": "Verify 'Landing' page functionalities Verify 'Sign Up' button on landing page redirected to 'Sign Up' page",
              "timedOut": null,
              "duration": 768,
              "state": "passed",
              "speed": "fast",
              "pass": true,
              "fail": false,
              "pending": false,
              "context": null,
              "code": "//1. Go to Tamice.com\ncy.visit(Cypress.env(\"url\"));\n//2. Click 'Sign up' button\ncy.contains(\"Sign Up\").click();\n//3. Verify user redirected to 'Sign up'page\ncy.url().should(\"include\", \"user/sign-up\");",
              "err": {},
              "uuid": "4082f8f2-915d-4806-bcc6-bc5b8b80df0e",
              "parentUUID": "ab774230-cc90-435f-b505-d5bd38f58f0c",
              "isHook": false,
              "skipped": false
            },
            {
              "title": "Verify 'Logo' button on landing page redirected to 'Logo' page",
              "fullTitle": "Verify 'Landing' page functionalities Verify 'Logo' button on landing page redirected to 'Logo' page",
              "timedOut": null,
              "duration": 438,
              "state": "passed",
              "speed": "fast",
              "pass": true,
              "fail": false,
              "pending": false,
              "context": null,
              "code": "//1. Go to Tamice.com\ncy.visit(Cypress.env(\"url\"));\n//2. Click Tamice.com logo button\ncy.get(\"img[alt='Tamice logo']\").first().click();\n//3. Verify user redirected to 'Sign up'page\ncy.url().should(\"eq\", \"https://thernlovendev.github.io/ticket-site/#/\");",
              "err": {},
              "uuid": "ba60dbe7-42c8-4b40-8fb0-1dbdb05bc86c",
              "parentUUID": "ab774230-cc90-435f-b505-d5bd38f58f0c",
              "isHook": false,
              "skipped": false
            },
            {
              "title": "Verify 'Contact Us' button on navigation page redirected to 'Contact Us' page",
              "fullTitle": "Verify 'Landing' page functionalities Verify 'Contact Us' button on navigation page redirected to 'Contact Us' page",
              "timedOut": null,
              "duration": 453,
              "state": "passed",
              "speed": "fast",
              "pass": true,
              "fail": false,
              "pending": false,
              "context": null,
              "code": "//1. Go to Tamice.com\ncy.visit(Cypress.env(\"url\"));\n//2. Click \"Contact Us\"\ncy.contains(\"Contact Us\").click();\n//3. Verify Observations button on landing page redirect to NY Big Apple Pass page\ncy.xpath(\"//html[1]/body[1]/div[1]/div[1]/div[3]/div[1]/div[2]/span[1]\").should(\"have.text\", \"Contact Us\");\ncy.url().should(\"include\", \"/contact\");",
              "err": {},
              "uuid": "b7d8ec7a-f857-4d00-a09f-2f5a2ef9d87f",
              "parentUUID": "ab774230-cc90-435f-b505-d5bd38f58f0c",
              "isHook": false,
              "skipped": false
            },
            {
              "title": "Verify user able to land 'My Bookings' page after click 'My booking' button under 'My Account' list",
              "fullTitle": "Verify 'Landing' page functionalities Verify user able to land 'My Bookings' page after click 'My booking' button under 'My Account' list",
              "timedOut": null,
              "duration": 151,
              "state": "passed",
              "speed": "fast",
              "pass": true,
              "fail": false,
              "pending": false,
              "context": null,
              "code": "// 1. Go to Tamice.com\n// 2. Click human icon\n// 3. Click 'My booking' button under 'My Account' list\n// 4. Verify user able to land 'My Bookings' page after click 'My Booking' button under 'My Account' lists",
              "err": {},
              "uuid": "8ecb464f-37ba-4959-a1f5-d88298c841da",
              "parentUUID": "ab774230-cc90-435f-b505-d5bd38f58f0c",
              "isHook": false,
              "skipped": false
            },
            {
              "title": "Verify user able to land 'My Account' page after click 'My Account' button",
              "fullTitle": "Verify 'Landing' page functionalities Verify user able to land 'My Account' page after click 'My Account' button",
              "timedOut": null,
              "duration": 65,
              "state": "passed",
              "speed": "fast",
              "pass": true,
              "fail": false,
              "pending": false,
              "context": null,
              "code": "// 1. Go to Tamice.com\n// 2. Click human icon\n// 3. Click 'My booking' button under 'My Account' list\n// 4. Verify user able to land 'My Account' page after click 'My Account' link",
              "err": {},
              "uuid": "0bb9069c-490e-4ed8-9167-8cda0e67e11c",
              "parentUUID": "ab774230-cc90-435f-b505-d5bd38f58f0c",
              "isHook": false,
              "skipped": false
            },
            {
              "title": "Verify sign out functionality",
              "fullTitle": "Verify 'Landing' page functionalities Verify sign out functionality",
              "timedOut": null,
              "duration": 89,
              "state": "passed",
              "speed": "fast",
              "pass": true,
              "fail": false,
              "pending": false,
              "context": null,
              "code": "// 1. Go to Tamice.com\n// 2. Click 'Login/Sign up' button\n// 3. Type valid credential\n// 4. Click 'Login' button\n// 5. Click human icon button\n// 6. Click 'Sign out' button s",
              "err": {},
              "uuid": "99318053-9ed2-483d-989c-09b5cbd864db",
              "parentUUID": "ab774230-cc90-435f-b505-d5bd38f58f0c",
              "isHook": false,
              "skipped": false
            }
          ],
          "suites": [],
          "passes": [
            "73b70951-9674-4ef7-8a9c-e3eeda5792a4",
            "486214e1-fce9-45f8-9c58-2ccb4d7ba3f6",
            "84497ec1-32e1-43e4-b676-79c9360ad6d8",
            "fafe1fb6-49e7-4982-a43f-a037506edbe2",
            "ffc1d9a7-1c89-4cc8-9b57-0c1cdfa07508",
            "3bdda2aa-83ae-4b25-b7ca-32be9efb326a",
            "5f170c45-645f-41ea-be4e-071121bd548f",
            "e35a95b5-51b1-4be3-a456-4ae4f28cdf18",
            "ca3a0b37-c815-4852-8dff-2df4182e6ec8",
            "4082f8f2-915d-4806-bcc6-bc5b8b80df0e",
            "ba60dbe7-42c8-4b40-8fb0-1dbdb05bc86c",
            "b7d8ec7a-f857-4d00-a09f-2f5a2ef9d87f",
            "8ecb464f-37ba-4959-a1f5-d88298c841da",
            "0bb9069c-490e-4ed8-9167-8cda0e67e11c",
            "99318053-9ed2-483d-989c-09b5cbd864db"
          ],
          "failures": [],
          "pending": [],
          "skipped": [],
          "duration": 7714,
          "root": false,
          "rootEmpty": false,
          "_timeout": 2000
        }
      ],
      "passes": [],
      "failures": [],
      "pending": [],
      "skipped": [],
      "duration": 0,
      "root": true,
      "rootEmpty": true,
      "_timeout": 2000
    }
  ],
  "meta": {
    "mocha": {
      "version": "7.0.1"
    },
    "mochawesome": {
      "options": {
        "quiet": false,
        "reportFilename": "[status]_[datetime]_[name]-report",
        "saveHtml": false,
        "saveJson": true,
        "consoleReporter": "spec",
        "useInlineDiffs": false,
        "code": true
      },
      "version": "7.1.3"
    },
    "marge": {
      "options": {
        "code": true,
        "charts": true,
        "reportDir": "cypress/report/mochawesome-report",
        "reportFilename": "[status]_[datetime]_[name]-report",
        "timestamp": "m/d/yyyy/hTT",
        "overwrite": false,
        "html": false,
        "json": true
      },
      "version": "6.2.0"
    }
  }
}